[03:29:55] [main/INFO] ========================================
[03:29:55] [main/INFO] Minecraft: 1.20.1
[03:29:55] [main/INFO] Side: server
[03:29:55] [main/INFO] Development: false
[03:29:55] [main/INFO] Version: 12.0.684
[03:29:55] [main/INFO] Loader:
[03:29:55] [main/INFO] - Fabric: 0.14.25
[03:29:55] [main/INFO] - Fabric API: 0.91.0+1.20.1
[03:29:55] [main/INFO] Dependencies:
[03:29:55] [main/INFO] - Cloth Config: 11.1.118
[03:29:55] [main/INFO] - Architectury: 9.1.12
[03:29:55] [main/INFO] Mixin: 0.8.5
[03:29:55] [main/INFO] OS: Linux 6.2.0-1019-azure (amd64)
[03:29:55] [main/INFO] Java: 21.0.2 (Microsoft)
[03:29:55] [main/INFO] ========================================
[03:29:55] [main/INFO] Mods:
[03:29:55] [main/INFO] - additionalstructures: 4.2.1
[03:29:55] [main/INFO] - advanced_runtime_resource_pack: 0.8.0
[03:29:55] [main/INFO] - advancednetherite: 2.0.2-1.20.1
[03:29:55] [main/INFO] - adventurez: 1.4.19
[03:29:55] [main/INFO] - alternate-current: 1.7.0
[03:29:55] [main/INFO] - animal_feeding_trough: 1.0.3+1.20.1
[03:29:55] [main/INFO] - another_furniture: 1.20.1-3.0.1
[03:29:55] [main/INFO] - architectury: 9.1.12
[03:29:55] [main/INFO] - ash_api: 3.0.2+1.20.1
[03:29:55] [main/INFO] - athena: 3.1.1
[03:29:55] [main/INFO] - autoslabs: 1.1.3
[03:29:55] [main/INFO] - backpacked: 2.2.7
[03:29:55] [main/INFO] - balm-fabric: 7.2.1
[03:29:55] [main/INFO] - barteringstation: 8.0.0
[03:29:55] [main/INFO] - bcc: 4.0.8
[03:29:55] [main/INFO] - bclib: 3.0.14
[03:29:55] [main/INFO] - better-trim-tooltips: 1.0.1
[03:29:55] [main/INFO] - betterchunkloading: 1.20.1-2.6
[03:29:55] [main/INFO] - betterdungeons: 1.20-Fabric-4.0.3
[03:29:55] [main/INFO] - betterend: 4.0.10
[03:29:55] [main/INFO] - betterendisland: 1.20-Fabric-2.0.4
[03:29:55] [main/INFO] - betterfortresses: 1.20-Fabric-2.0.5
[03:29:55] [main/INFO] - betterfpsdist: 1.20.1-4.0
[03:29:55] [main/INFO] - betterjungletemples: 1.20-Fabric-2.0.4
[03:29:55] [main/INFO] - bettermineshafts: 1.20-Fabric-4.0.4
[03:29:55] [main/INFO] - betternether: 9.0.10
[03:29:55] [main/INFO] - betteroceanmonuments: 1.20-Fabric-3.0.4
[03:29:55] [main/INFO] - betterstats: 3.7+fabric-1.20.1
[03:29:55] [main/INFO] - betterstrongholds: 1.20-Fabric-4.0.3
[03:29:55] [main/INFO] - bettertridents: 8.0.1
[03:29:55] [main/INFO] - betterwitchhuts: 1.20-Fabric-3.0.3
[03:29:55] [main/INFO] - biolith: 1.0.0-alpha.8
[03:29:55] [main/INFO] - biomemusic: 1.20.1-2.2
[03:29:55] [main/INFO] - blue_endless_jankson: 1.2.3
[03:29:55] [main/INFO] - boatbreakfix: 1.0.2
[03:29:55] [main/INFO] - bookshelf: 20.1.8
[03:29:55] [main/INFO] - bosses_of_mass_destruction: 1.7.5-1.20.1
[03:29:55] [main/INFO] - bountiful: 6.0.3+1.20.1
[03:29:55] [main/INFO] - bygonenether: 1.3.2
[03:29:55] [main/INFO] - cardinal-components: 5.2.2
[03:29:55] [main/INFO] - cardinal-components-base: 5.2.2
[03:29:55] [main/INFO] - cardinal-components-block: 5.2.2
[03:29:55] [main/INFO] - cardinal-components-chunk: 5.2.2
[03:29:55] [main/INFO] - cardinal-components-entity: 5.2.2
[03:29:55] [main/INFO] - cardinal-components-item: 5.2.2
[03:29:55] [main/INFO] - cardinal-components-level: 5.2.2
[03:29:55] [main/INFO] - cardinal-components-scoreboard: 5.2.2
[03:29:55] [main/INFO] - cardinal-components-world: 5.2.2
[03:29:55] [main/INFO] - carryon: 2.1.2.7
[03:29:55] [main/INFO] - charmofundying: 6.4.5+1.20.1
[03:29:55] [main/INFO] - chefsdelight: 1.0.3-fabric-1.20.1
[03:29:55] [main/INFO] - chipped: 3.0.1
[03:29:55] [main/INFO] - chunksending: 1.20.1-2.8
[03:29:55] [main/INFO] - cleancut: 6.0
[03:29:55] [main/INFO] - clientcrafting: 1.20.1-1.7
[03:29:55] [main/INFO] - cloth-basic-math: 0.6.1
[03:29:55] [main/INFO] - cloth-config: 11.1.118
[03:29:55] [main/INFO] - cloth-config: 11.1.118
[03:29:55] [main/INFO] - clumps: 12.0.0.3
[03:29:55] [main/INFO] - collective: 7.30
[03:29:55] [main/INFO] - com_electronwill_night-config_core: 3.6.7
[03:29:55] [main/INFO] - com_electronwill_night-config_toml: 3.6.7
[03:29:55] [main/INFO] - com_eliotlash_mclib_mclib: 20
[03:29:55] [main/INFO] - com_github_llamalad7_mixinextras: 0.2.1
[03:29:55] [main/INFO] - com_teamresourceful_bytecodecs: 1.0.2
[03:29:55] [main/INFO] - com_teamresourceful_yabn: 1.0.3
[03:29:55] [main/INFO] - com_twelvemonkeys_common_common-image: 3.10.0-SNAPSHOT
[03:29:55] [main/INFO] - com_twelvemonkeys_common_common-io: 3.10.0-SNAPSHOT
[03:29:55] [main/INFO] - com_twelvemonkeys_common_common-lang: 3.10.0-SNAPSHOT
[03:29:55] [main/INFO] - com_twelvemonkeys_imageio_imageio-core: 3.10.0-SNAPSHOT
[03:29:55] [main/INFO] - com_twelvemonkeys_imageio_imageio-metadata: 3.10.0-SNAPSHOT
[03:29:55] [main/INFO] - com_twelvemonkeys_imageio_imageio-webp: 3.10.0-SNAPSHOT
[03:29:55] [main/INFO] - com_velocitypowered_velocity-native: 3.2.0-SNAPSHOT
[03:29:55] [main/INFO] - comforts: 6.3.4+1.20.1
[03:29:55] [main/INFO] - common-protection-api: 1.0.0
[03:29:55] [main/INFO] - connectivity: 1.20.1-4.9
[03:29:55] [main/INFO] - controlify: 1.7.0-beta.1+1.20
[03:29:55] [main/INFO] - coroutil: 1.20.1-1.3.5
[03:29:55] [main/INFO] - crawl: 0.12.0
[03:29:55] [main/INFO] - cristellib: 1.1.5
[03:29:55] [main/INFO] - culturaldelights: 0.14.11+1.20.1
[03:29:55] [main/INFO] - cupboard: 1.20.1-2.2
[03:29:55] [main/INFO] - customportalapi: 0.0.1-beta64-1.20
[03:29:55] [main/INFO] - dawn: 5.0.0
[03:29:55] [main/INFO] - debugify: 1.20.1+2.0
[03:29:55] [main/INFO] - decorative_blocks: 4.0.3
[03:29:55] [main/INFO] - deeperdarker: 1.2.5
[03:29:55] [main/INFO] - deuf_refabricated: 1.1.0
[03:29:55] [main/INFO] - dev_isxander_libsdl4j: 2.28.2-11
[03:29:55] [main/INFO] - diagonalblocks: 8.0.2
[03:29:55] [main/INFO] - diagonalfences: 8.1.3
[03:29:55] [main/INFO] - dimensionalsyncfixes: 1.20.1-0.0.1
[03:29:55] [main/INFO] - doubledoors: 5.2
[03:29:55] [main/INFO] - dragonloot: 1.1.4
[03:29:55] [main/INFO] - dungeons_arise: 2.1.58
[03:29:55] [main/INFO] - dynamictrim: 1.3.2
[03:29:55] [main/INFO] - easyanvils: 8.0.1
[03:29:55] [main/INFO] - easymagic: 8.0.1
[03:29:55] [main/INFO] - elytraslot: 6.3.0+1.20.1
[03:29:55] [main/INFO] - error_notifier: 1.0.9
[03:29:55] [main/INFO] - everycomp: 1.20-2.6.22
[03:29:55] [main/INFO] - expandeddelight: 0.3.0.2
[03:29:55] [main/INFO] - explorations: 1.20.1-1.5.2
[03:29:55] [main/INFO] - explorify: v1.3.0-mc1.20
[03:29:55] [main/INFO] - extensibleenums: 7.0.1
[03:29:55] [main/INFO] - fabric-api: 0.91.0+1.20.1
[03:29:55] [main/INFO] - fabric-api: 0.91.0+1.20.1
[03:29:55] [main/INFO] - fabric-api-base: 0.4.30+7abfd51577
[03:29:55] [main/INFO] - fabric-api-lookup-api-v1: 1.6.35+4d8536c977
[03:29:55] [main/INFO] - fabric-biome-api-v1: 13.0.12+215bbe9677
[03:29:55] [main/INFO] - fabric-block-api-v1: 1.0.10+92a0d36777
[03:29:55] [main/INFO] - fabric-block-view-api-v2: 1.0.0+92a0d36777
[03:29:55] [main/INFO] - fabric-command-api-v1: 1.2.33+f71b366f77
[03:29:55] [main/INFO] - fabric-command-api-v2: 2.2.12+b3afc78b77
[03:29:55] [main/INFO] - fabric-commands-v0: 0.2.50+df3654b377
[03:29:55] [main/INFO] - fabric-containers-v0: 0.1.63+df3654b377
[03:29:55] [main/INFO] - fabric-content-registries-v0: 4.0.10+57aed33f77
[03:29:55] [main/INFO] - fabric-convention-tags-v1: 1.5.4+a1a980da77
[03:29:55] [main/INFO] - fabric-crash-report-info-v1: 0.2.18+aeb40ebe77
[03:29:55] [main/INFO] - fabric-data-generation-api-v1: 12.3.3+d7b148e077
[03:29:55] [main/INFO] - fabric-dimensions-v1: 2.1.53+8536527b77
[03:29:55] [main/INFO] - fabric-entity-events-v1: 1.5.22+b3afc78b77
[03:29:55] [main/INFO] - fabric-events-interaction-v0: 0.6.1+e91849a877
[03:29:55] [main/INFO] - fabric-events-lifecycle-v0: 0.2.62+df3654b377
[03:29:55] [main/INFO] - fabric-game-rule-api-v1: 1.0.39+ae9f657a77
[03:29:55] [main/INFO] - fabric-item-api-v1: 2.1.27+b3afc78b77
[03:29:55] [main/INFO] - fabric-item-group-api-v1: 4.0.11+d7b148e077
[03:29:55] [main/INFO] - fabric-language-kotlin: 1.10.16+kotlin.1.9.21
[03:29:55] [main/INFO] - fabric-lifecycle-events-v1: 2.2.21+b3afc78b77
[03:29:55] [main/INFO] - fabric-loot-api-v2: 1.2.0+96dfa95977
[03:29:55] [main/INFO] - fabric-loot-tables-v1: 1.1.44+9e7660c677
[03:29:55] [main/INFO] - fabric-message-api-v1: 5.1.8+d7b148e077
[03:29:55] [main/INFO] - fabric-mining-level-api-v1: 2.1.49+b3afc78b77
[03:29:55] [main/INFO] - fabric-networking-api-v1: 1.3.10+eeb8eb3677
[03:29:55] [main/INFO] - fabric-networking-v0: 0.3.50+df3654b377
[03:29:55] [main/INFO] - fabric-object-builder-api-v1: 11.1.2+4ee0bc6077
[03:29:55] [main/INFO] - fabric-particles-v1: 1.1.1+201a23a077
[03:29:55] [main/INFO] - fabric-permissions-api-v0: 0.2-SNAPSHOT
[03:29:55] [main/INFO] - fabric-recipe-api-v1: 1.0.20+b3afc78b77
[03:29:55] [main/INFO] - fabric-registry-sync-v0: 2.3.2+4df89eb277
[03:29:55] [main/INFO] - fabric-rendering-data-attachment-v1: 0.3.36+92a0d36777
[03:29:55] [main/INFO] - fabric-rendering-fluids-v1: 3.0.27+b3afc78b77
[03:29:55] [main/INFO] - fabric-resource-conditions-api-v1: 2.3.7+29de845d77
[03:29:55] [main/INFO] - fabric-resource-loader-v0: 0.11.9+132c48c177
[03:29:55] [main/INFO] - fabric-screen-handler-api-v1: 1.3.29+b3afc78b77
[03:29:55] [main/INFO] - fabric-transfer-api-v1: 3.3.3+c81d263177
[03:29:55] [main/INFO] - fabric-transitive-access-wideners-v1: 4.3.0+6c31357e77
[03:29:55] [main/INFO] - fabricloader: 0.14.25
[03:29:55] [main/INFO] - fallingtree: 4.3.4
[03:29:55] [main/INFO] - farmersdelight: 1.20.1-1.4.3
[03:29:55] [main/INFO] - farmersknives: 3.0.2
[03:29:55] [main/INFO] - fastasyncworldsave: 1.20.1-1.2
[03:29:55] [main/INFO] - fastpaintings: 1.20-1.2.3
[03:29:55] [main/INFO] - ferritecore: 6.0.1
[03:29:55] [main/INFO] - fiber: 0.23.0-2
[03:29:55] [main/INFO] - forgeconfigapiport: 8.0.0
[03:29:55] [main/INFO] - forgeconfigscreens: 8.0.2
[03:29:55] [main/INFO] - formations: 1.0.2
[03:29:55] [main/INFO] - formationsnether: 1.0.3
[03:29:55] [main/INFO] - formationsoverworld: 1.0.2
[03:29:55] [main/INFO] - framework: 0.6.16
[03:29:55] [main/INFO] - friendsandfoes: 2.0.7
[03:29:55] [main/INFO] - frostiful: 1.0.2
[03:29:55] [main/INFO] - ftblibrary: 2001.1.4
[03:29:55] [main/INFO] - ftbquests: 2001.3.0
[03:29:55] [main/INFO] - ftbteams: 2001.1.4
[03:29:55] [main/INFO] - ftbxmodcompat: 2.1.0
[03:29:55] [main/INFO] - fullstackwatchdog: 1.0.1+1.19.2-fabric
[03:29:55] [main/INFO] - fwaystones: 3.1.3+mc1.20
[03:29:55] [main/INFO] - geckolib: 4.3.1
[03:29:55] [main/INFO] - geophilic: v2.1.0-mc1.20u1.20.2
[03:29:55] [main/INFO] - goblintraders: 1.9.3
[03:29:55] [main/INFO] - grassoverhaul: 23.10.11
[03:29:55] [main/INFO] - guardvillagers: 2.0.9-1.20.1
[03:29:55] [main/INFO] - handcrafted: 3.0.5
[03:29:55] [main/INFO] - hearth_and_home: 1.20.1-2.0.1
[03:29:55] [main/INFO] - hearths: v1.0.0-mc1.20u1.20.1
[03:29:55] [main/INFO] - hybrid-aquatic: 1.1.0
[03:29:55] [main/INFO] - iceberg: 1.1.18
[03:29:55] [main/INFO] - illagerinvasion: 8.0.3
[03:29:55] [main/INFO] - inmis: 2.7.2-1.20.1
[03:29:55] [main/INFO] - inmisaddon: 1.0.4
[03:29:55] [main/INFO] - inventorymanagement: 1.3.1
[03:29:55] [main/INFO] - itemfilters: 2001.1.0-build.59
[03:29:55] [main/INFO] - jade: 11.7.0
[03:29:55] [main/INFO] - jamlib: 0.6.1+1.20.x
[03:29:55] [main/INFO] - java: 21
[03:29:55] [main/INFO] - kambrik: 6.1.1+1.20.1
[03:29:55] [main/INFO] - kanos_config: 0.4.1+1.14.4-1.19.4
[03:29:55] [main/INFO] - keybind_fix: 1.0.0
[03:29:55] [main/INFO] - kiwi: 11.3.0
[03:29:55] [main/INFO] - kleeslabs: 15.0.0
[03:29:55] [main/INFO] - konkrete: 1.7.0
[03:29:55] [main/INFO] - krypton: 0.2.3
[03:29:55] [main/INFO] - leavesbegone: 8.0.0
[03:29:55] [main/INFO] - letmedespawn: 1.2.0
[03:29:55] [main/INFO] - lithium: 0.11.2
[03:29:55] [main/INFO] - lmft: 1.0.2+1.20
[03:29:55] [main/INFO] - lootintegrations: 1.20.1-3.4
[03:29:55] [main/INFO] - maelstrom_library: 1.6.1-1.20
[03:29:55] [main/INFO] - magnumtorch: 8.0.1
[03:29:55] [main/INFO] - memoryleakfix: 1.1.2
[03:29:55] [main/INFO] - memorysettings: 1.20.1-5.3
[03:29:55] [main/INFO] - midnightlib: 1.4.1
[03:29:55] [main/INFO] - minecraft: 1.20.1
[03:29:55] [main/INFO] - mixinsquared: 0.1.1
[03:29:55] [main/INFO] - mixintrace: 1.1.1+1.17
[03:29:55] [main/INFO] - mm: 2.3
[03:29:55] [main/INFO] - modernfix: 5.11.1+mc1.20.1
[03:29:55] [main/INFO] - modpack-update-checker: 0.11.1
[03:29:55] [main/INFO] - moonlight: 1.20-2.8.81
[03:29:55] [main/INFO] - mr_dungeons_andtaverns: 3.0.3
[03:29:55] [main/INFO] - mru: 0.4.0+1.20
[03:29:55] [main/INFO] - multipart_entities: 1.5-1.20
[03:29:55] [main/INFO] - mythic_charms: 0.6.0
[03:29:55] [main/INFO] - naturalist: 4.0.3
[03:29:55] [main/INFO] - naturescompass: 1.20.1-2.2.3-fabric
[03:29:55] [main/INFO] - necronomicon: 1.3.0
[03:29:55] [main/INFO] - neruina: 1.3.0
[03:29:55] [main/INFO] - netherchested: 8.0.1
[03:29:55] [main/INFO] - netherportalfix: 13.0.1
[03:29:55] [main/INFO] - nethersdelight: 1.0.0
[03:29:55] [main/INFO] - nightconfigfixes: 8.0.0
[03:29:55] [main/INFO] - nochatreports: 1.20.1-v2.2.2
[03:29:55] [main/INFO] - oceansdelight: fabric-1.0.2-1.20
[03:29:55] [main/INFO] - omega-config: 1.2.3-1.18.1
[03:29:55] [main/INFO] - openpartiesandclaims: 0.20.4
[03:29:55] [main/INFO] - org_hid4java_hid4java: 0.7.0
[03:29:55] [main/INFO] - org_javassist_javassist: 3.29.2-GA
[03:29:55] [main/INFO] - org_jetbrains_kotlin_kotlin-reflect: 1.9.21
[03:29:55] [main/INFO] - org_jetbrains_kotlin_kotlin-stdlib: 1.9.21
[03:29:55] [main/INFO] - org_jetbrains_kotlin_kotlin-stdlib-jdk7: 1.9.21
[03:29:55] [main/INFO] - org_jetbrains_kotlin_kotlin-stdlib-jdk8: 1.9.21
[03:29:55] [main/INFO] - org_jetbrains_kotlinx_atomicfu-jvm: 0.23.1
[03:29:55] [main/INFO] - org_jetbrains_kotlinx_kotlinx-coroutines-core-jvm: 1.7.3
[03:29:55] [main/INFO] - org_jetbrains_kotlinx_kotlinx-coroutines-jdk8: 1.7.3
[03:29:55] [main/INFO] - org_jetbrains_kotlinx_kotlinx-datetime-jvm: 0.4.1
[03:29:55] [main/INFO] - org_jetbrains_kotlinx_kotlinx-serialization-cbor-jvm: 1.6.2
[03:29:55] [main/INFO] - org_jetbrains_kotlinx_kotlinx-serialization-core-jvm: 1.6.2
[03:29:55] [main/INFO] - org_jetbrains_kotlinx_kotlinx-serialization-json-jvm: 1.6.2
[03:29:55] [main/INFO] - org_quiltmc_parsers_gson: 0.2.1
[03:29:55] [main/INFO] - org_quiltmc_parsers_json: 0.2.1
[03:29:55] [main/INFO] - org_quiltmc_quilt-json5: 1.0.3
[03:29:55] [main/INFO] - org_reflections_reflections: 0.10.2
[03:29:55] [main/INFO] - owo: 0.11.2+1.20
[03:29:55] [main/INFO] - packet_tweaker: 0.4.0+1.19.4
[03:29:55] [main/INFO] - packetfixer: 1.2.1
[03:29:55] [main/INFO] - paintings: 11.0.0.0
[03:29:55] [main/INFO] - patchouli: 1.20.1-84-FABRIC
[03:29:55] [main/INFO] - paxi: 1.20-Fabric-4.0
[03:29:55] [main/INFO] - philipsruins: 1.20.1
[03:29:55] [main/INFO] - ping-wheel: 1.7.1
[03:29:55] [main/INFO] - placeholder-api: 2.1.3+1.20.1
[03:29:55] [main/INFO] - polymer-common: 0.5.15+1.20.1
[03:29:55] [main/INFO] - polymer-core: 0.5.15+1.20.1
[03:29:55] [main/INFO] - polymer-networking: 0.5.15+1.20.1
[03:29:55] [main/INFO] - polymer-registry-sync-manipulator: 0.5.15+1.20.1
[03:29:55] [main/INFO] - polymer-resource-pack: 0.5.15+1.20.1
[03:29:55] [main/INFO] - polymer-virtual-entity: 0.5.15+1.20.1
[03:29:55] [main/INFO] - polymorph: 0.49.1+1.20.1
[03:29:55] [main/INFO] - predicate-api: 0.2.1+1.20.1
[03:29:55] [main/INFO] - promenade: 4.1.1
[03:29:55] [main/INFO] - puzzlesaccessapi: 8.0.7
[03:29:55] [main/INFO] - puzzlesapi: 8.0.2
[03:29:55] [main/INFO] - puzzleslib: 8.1.12
[03:29:55] [main/INFO] - quartzelv: 2.2.5+1.20
[03:29:55] [main/INFO] - reacharound: 1.1.2
[03:29:55] [main/INFO] - recipeessentials: 1.20.1-3.2
[03:29:55] [main/INFO] - redirector: 1.20.1-4.4.0
[03:29:55] [main/INFO] - repurposed_structures: 7.1.11+1.20.1-fabric
[03:29:55] [main/INFO] - resourcefullib: 2.1.20
[03:29:55] [main/INFO] - rightclickharvest: 3.2.3+1.19.x-1.20.1-fabric
[03:29:55] [main/INFO] - roughlyenoughitems: 12.0.684
[03:29:55] [main/INFO] - seasons: 2.3+1.20
[03:29:55] [main/INFO] - seasonsdelightcompat: 1.0-1.3.9
[03:29:55] [main/INFO] - seasonsextras: 1.2-BETA+1.20
[03:29:55] [main/INFO] - server_translations_api: 2.0.0+1.20
[03:29:55] [main/INFO] - serverbrowser: 1.1.1
[03:29:55] [main/INFO] - sgui: 1.2.2+1.20
[03:29:55] [main/INFO] - skinlayers3d: 1.6.1
[03:29:55] [main/INFO] - smarterfarmers: 1.20-1.7.3
[03:29:55] [main/INFO] - smoothchunk: 1.20.1-3.5
[03:29:55] [main/INFO] - snowrealmagic: 10.2.3
[03:29:55] [main/INFO] - snowundertrees: 2.0.0+1.20
[03:29:55] [main/INFO] - snowyspirit: 1.20-3.0.6
[03:29:55] [main/INFO] - sound_physics_remastered: 1.20.1-1.1.2
[03:29:55] [main/INFO] - spark: 1.10.53
[03:29:55] [main/INFO] - sparsestructures: 2.1.2
[03:29:55] [main/INFO] - spawn: 1.0.3-fabric
[03:29:55] [main/INFO] - spawners_plus: 2.0.1-1.20.1
[03:29:55] [main/INFO] - spectrelib: 0.13.14+1.20.1
[03:29:55] [main/INFO] - starlight: 1.1.2+fabric.dbc156f
[03:29:55] [main/INFO] - statement: 4.2.8+1.14.4-1.20.1
[03:29:55] [main/INFO] - statement_vanilla_compatibility: 1.0.1+1.16.5-1.17
[03:29:55] [main/INFO] - stoneworks: 8.0.0
[03:29:55] [main/INFO] - structory: 1.3.3
[03:29:55] [main/INFO] - structory_towers: 1.0.6
[03:29:55] [main/INFO] - structureessentials: 1.20.1-3.2
[03:29:55] [main/INFO] - supplementaries: 1.20-2.7.21
[03:29:55] [main/INFO] - suppsquared: 1.20-1.1.12
[03:29:55] [main/INFO] - t_and_t: 1.12
[03:29:55] [main/INFO] - talkbubbles: 1.0.8
[03:29:55] [main/INFO] - tcdcommons: 3.7+fabric-1.20.1
[03:29:55] [main/INFO] - team_reborn_energy: 3.0.0
[03:29:55] [main/INFO] - terrablender: 3.0.1.2
[03:29:55] [main/INFO] - terraform-shapes-api-v1: 7.0.1
[03:29:55] [main/INFO] - terraform-surfaces-api-v1: 7.0.1
[03:29:55] [main/INFO] - terraform-wood-api-v1: 7.0.1
[03:29:55] [main/INFO] - the_bumblezone: 7.1.14+1.20.1-fabric
[03:29:55] [main/INFO] - thermoo: 2.1.0
[03:29:55] [main/INFO] - toms_storage: 1.6.5
[03:29:55] [main/INFO] - toms_trading_network: 0.2.3
[03:29:55] [main/INFO] - toofast: 1.2.0
[03:29:55] [main/INFO] - toolstats: 16.0.7
[03:29:55] [main/INFO] - tradingpost: 8.0.1
[03:29:55] [main/INFO] - transparent: 8.0.1+1.20.1
[03:29:55] [main/INFO] - trinkets: 3.7.1
[03:29:55] [main/INFO] - twigs: 3.1.0
[03:29:55] [main/INFO] - universal-graves: 3.0.0+1.20.1
[03:29:55] [main/INFO] - universal_ores: 1.5.2
[03:29:55] [main/INFO] - variantcraftingtables: 6.3.5
[03:29:55] [main/INFO] - veinmining: 1.2.1+1.20.1
[03:29:55] [main/INFO] - villagernames: 7.3
[03:29:55] [main/INFO] - villagersplus: 3.1
[03:29:55] [main/INFO] - villagesandpillages: 1.0.0
[03:29:55] [main/INFO] - visualworkbench: 8.0.0
[03:29:55] [main/INFO] - voidtotem: 3.0.1
[03:29:55] [main/INFO] - voidz: 1.0.10
[03:29:55] [main/INFO] - watut: 1.20.1-1.0.12
[03:29:55] [main/INFO] - winterly: 0.9.3+1.20
[03:29:55] [main/INFO] - wunderlib: 1.1.5
[03:29:55] [main/INFO] - xaerominimap: 23.9.3
[03:29:55] [main/INFO] - xaeroworldmap: 1.37.2
[03:29:55] [main/INFO] - xp_storage: 1.5.3+1.20.1
[03:29:55] [main/INFO] - xp_storage_trinkets: 1.0+1.20.1
[03:29:55] [main/INFO] - yeetusexperimentus: 2.3.1-build.6+mc1.20.1
[03:29:55] [main/INFO] - yet_another_config_lib_v3: 3.2.1+1.20
[03:29:55] [main/INFO] - ysns: 1.0.5
[03:29:55] [main/INFO] - yungsapi: 1.20-Fabric-4.0.2
[03:29:55] [main/INFO] - yungsbridges: 1.20-Fabric-4.0.3
[03:29:55] [main/INFO] ========================================
[03:29:55] [main/INFO] [REI] Registered plugin provider DefaultPlugin [roughlyenoughitems] for REIPlugin
[03:29:55] [main/INFO] [REI] Registered plugin provider DefaultRuntimePlugin [roughlyenoughitems] for REIPlugin
[03:29:55] [main/INFO] [REI] Registered plugin provider DefaultPlugin [roughlyenoughitems] for REIServerPlugin
[03:29:55] [main/INFO] [REI] Registered plugin provider DefaultRuntimePlugin [roughlyenoughitems] for REIServerPlugin
[03:29:55] [main/INFO] [REI] Registered plugin provider FabricFluidAPISupportPlugin for REIServerPlugin
[03:29:55] [main/INFO] [REI] Registered plugin provider FabricFluidAPISupportPlugin for REIPlugin
[03:30:19] [Worker-Main-2/DEBUG] [REI] Processed 16 tags in 841.1 μs for minecraft:banner_pattern
[03:30:19] [Worker-Main-3/DEBUG] [REI] Processed 1 tags in 14.11 μs for minecraft:sound_event
[03:30:19] [Worker-Main-2/DEBUG] [REI] Processed 4 tags in 40.25 μs for minecraft:instrument
[03:30:19] [Worker-Main-3/DEBUG] [REI] Processed 0 tags in 3.927 μs for minecraft:worldgen/placed_feature
[03:30:19] [Worker-Main-2/DEBUG] [REI] Processed 5 tags in 385.6 μs for minecraft:game_event
[03:30:19] [Worker-Main-3/DEBUG] [REI] Processed 2 tags in 376.1 μs for minecraft:painting_variant
[03:30:19] [Worker-Main-3/DEBUG] [REI] Processed 7 tags in 65.51 μs for minecraft:mob_effect
[03:30:19] [Worker-Main-3/DEBUG] [REI] Processed 1 tags in 8.285 μs for minecraft:potion
[03:30:19] [Worker-Main-2/DEBUG] [REI] Processed 130 tags in 2.092 ms for minecraft:entity_type
[03:30:19] [Worker-Main-2/DEBUG] [REI] Processed 0 tags in 13.86 μs for minecraft:damage_type
[03:30:19] [Worker-Main-3/DEBUG] [REI] Processed 0 tags in 44.10 μs for minecraft:worldgen/structure
[03:30:19] [Worker-Main-3/DEBUG] [REI] Processed 6 tags in 50.72 μs for minecraft:point_of_interest_type
[03:30:19] [Worker-Main-2/DEBUG] [REI] Processed 0 tags in 7.003 μs for minecraft:worldgen/world_preset
[03:30:19] [Worker-Main-3/DEBUG] [REI] Processed 2 tags in 23.97 μs for minecraft:cat_variant
[03:30:19] [Worker-Main-3/DEBUG] [REI] Processed 0 tags in 5.780 μs for minecraft:dimension_type
[03:30:19] [Worker-Main-2/DEBUG] [REI] Processed 0 tags in 6.973 μs for minecraft:trim_pattern
[03:30:19] [Worker-Main-2/DEBUG] [REI] Processed 8 tags in 223.4 μs for minecraft:enchantment
[03:30:19] [Worker-Main-3/DEBUG] [REI] Processed 0 tags in 679.2 μs for minecraft:worldgen/biome
[03:30:19] [Worker-Main-3/DEBUG] [REI] Processed 0 tags in 6.061 μs for minecraft:worldgen/flat_level_generator_preset
[03:30:19] [Worker-Main-3/DEBUG] [REI] Processed 0 tags in 12.00 μs for minecraft:worldgen/structure_set
[03:30:19] [Worker-Main-3/DEBUG] [REI] Processed 15 tags in 55.46 μs for minecraft:fluid
[03:30:19] [Worker-Main-2/DEBUG] [REI] Processed 1227 tags in 23.31 ms for minecraft:item
[03:30:19] [Worker-Main-1/DEBUG] [REI] Processed 872 tags in 95.29 ms for minecraft:block
[03:30:21] [main/DEBUG] [REI] ========================================
[03:30:21] [main/DEBUG] [REI] REIPlugin starting pre-reload for START.
[03:30:21] [main/DEBUG] [REI] Reloadables (7):
[03:30:21] [main/DEBUG] [REI]  - EntryTypeRegistryImpl
[03:30:21] [main/DEBUG] [REI]  - EntrySettingsAdapterRegistryImpl
[03:30:21] [main/DEBUG] [REI]  - RecipeManagerContextImpl
[03:30:21] [main/DEBUG] [REI]  - ItemComparatorRegistryImpl
[03:30:21] [main/DEBUG] [REI]  - FluidComparatorRegistryImpl
[03:30:21] [main/DEBUG] [REI]  - DisplaySerializerRegistryImpl
[03:30:21] [main/DEBUG] [REI]  - FluidSupportProviderImpl
[03:30:21] [main/DEBUG] [REI] Plugins (3):
[03:30:21] [main/DEBUG] [REI]  - (-100.00) DefaultPlugin of DefaultPlugin [roughlyenoughitems]
[03:30:21] [main/DEBUG] [REI]  - (0.00) FabricFluidAPISupportPlugin
[03:30:21] [main/DEBUG] [REI]  - (0.00) DefaultRuntimePlugin of DefaultRuntimePlugin [roughlyenoughitems]
[03:30:21] [main/DEBUG] [REI] ========================================
[03:30:21] [main/TRACE] [REI] [REIPlugin START] Reloading Section: "pre-register/"
[03:30:21] [main/TRACE] [REI] [REIPlugin START] Reloading Section: "pre-register/DefaultPlugin of DefaultPlugin [roughlyenoughitems]/"
[03:30:21] [main/TRACE] [REI] [REIPlugin START] Reloading Section: "pre-register/DefaultPlugin of DefaultPlugin [roughlyenoughitems]/" done in 1.484 ms
[03:30:21] [main/TRACE] [REI] [REIPlugin START] Reloading Section: "pre-register/FabricFluidAPISupportPlugin/"
[03:30:21] [main/TRACE] [REI] [REIPlugin START] Reloading Section: "pre-register/FabricFluidAPISupportPlugin/" done in 16.06 μs
[03:30:21] [main/TRACE] [REI] [REIPlugin START] Reloading Section: "pre-register/DefaultRuntimePlugin of DefaultRuntimePlugin [roughlyenoughitems]/"
[03:30:21] [main/TRACE] [REI] [REIPlugin START] Reloading Section: "pre-register/DefaultRuntimePlugin of DefaultRuntimePlugin [roughlyenoughitems]/" done in 13.98 μs
[03:30:21] [main/TRACE] [REI] [REIPlugin START] Reloading Section: "pre-register/" done in 19.23 ms
[03:30:21] [main/TRACE] [REI] [REIPlugin START] Reloading Section: "pre-stage/"
[03:30:21] [main/TRACE] [REI] [REIPlugin START] Reloading Section: "pre-stage/EntryTypeRegistryImpl/"
[03:30:21] [main/TRACE] [REI] [REIPlugin START] Reloading Section: "pre-stage/EntryTypeRegistryImpl/" done in 175.3 μs
[03:30:21] [main/TRACE] [REI] [REIPlugin START] Reloading Section: "pre-stage/EntrySettingsAdapterRegistryImpl/"
[03:30:21] [main/TRACE] [REI] [REIPlugin START] Reloading Section: "pre-stage/EntrySettingsAdapterRegistryImpl/" done in 9.137 μs
[03:30:21] [main/TRACE] [REI] [REIPlugin START] Reloading Section: "pre-stage/RecipeManagerContextImpl/"
[03:30:21] [main/TRACE] [REI] [REIPlugin START] Reloading Section: "pre-stage/RecipeManagerContextImpl/" done in 10.30 μs
[03:30:21] [main/TRACE] [REI] [REIPlugin START] Reloading Section: "pre-stage/ItemComparatorRegistryImpl/"
[03:30:21] [main/TRACE] [REI] [REIPlugin START] Reloading Section: "pre-stage/ItemComparatorRegistryImpl/" done in 8.095 μs
[03:30:21] [main/TRACE] [REI] [REIPlugin START] Reloading Section: "pre-stage/FluidComparatorRegistryImpl/"
[03:30:21] [main/TRACE] [REI] [REIPlugin START] Reloading Section: "pre-stage/FluidComparatorRegistryImpl/" done in 10.52 μs
[03:30:21] [main/TRACE] [REI] [REIPlugin START] Reloading Section: "pre-stage/DisplaySerializerRegistryImpl/"
[03:30:21] [main/TRACE] [REI] [REIPlugin START] Reloading Section: "pre-stage/DisplaySerializerRegistryImpl/" done in 7.984 μs
[03:30:21] [main/TRACE] [REI] [REIPlugin START] Reloading Section: "pre-stage/FluidSupportProviderImpl/"
[03:30:21] [main/TRACE] [REI] [REIPlugin START] Reloading Section: "pre-stage/FluidSupportProviderImpl/" done in 9.748 μs
[03:30:21] [main/TRACE] [REI] [REIPlugin START] Reloading Section: "pre-stage/" done in 2.439 ms
[03:30:21] [main/DEBUG] [REI] ========================================
[03:30:21] [main/DEBUG] [REI] REIPlugin finished pre-reload for START in 23.30 ms.
[03:30:21] [main/DEBUG] [REI] ========================================
[03:30:21] [main/DEBUG] [REI] ========================================
[03:30:21] [main/DEBUG] [REI] REIServerPlugin starting pre-reload for START.
[03:30:21] [main/DEBUG] [REI] Reloadables (2):
[03:30:21] [main/DEBUG] [REI]  - MenuInfoRegistryImpl
[03:30:21] [main/DEBUG] [REI]  - SlotAccessorRegistryImpl
[03:30:21] [main/DEBUG] [REI] Plugins (3):
[03:30:21] [main/DEBUG] [REI]  - (-100.00) DefaultPlugin of DefaultPlugin [roughlyenoughitems]
[03:30:21] [main/DEBUG] [REI]  - (0.00) FabricFluidAPISupportPlugin
[03:30:21] [main/DEBUG] [REI]  - (0.00) DefaultRuntimePlugin of DefaultRuntimePlugin [roughlyenoughitems]
[03:30:21] [main/DEBUG] [REI] ========================================
[03:30:21] [main/TRACE] [REI] [REIServerPlugin START] Reloading Section: "pre-register/"
[03:30:21] [main/TRACE] [REI] [REIServerPlugin START] Reloading Section: "pre-register/DefaultPlugin of DefaultPlugin [roughlyenoughitems]/"
[03:30:21] [main/TRACE] [REI] [REIServerPlugin START] Reloading Section: "pre-register/DefaultPlugin of DefaultPlugin [roughlyenoughitems]/" done in 11.08 μs
[03:30:21] [main/TRACE] [REI] [REIServerPlugin START] Reloading Section: "pre-register/FabricFluidAPISupportPlugin/"
[03:30:21] [main/TRACE] [REI] [REIServerPlugin START] Reloading Section: "pre-register/FabricFluidAPISupportPlugin/" done in 39.34 μs
[03:30:21] [main/TRACE] [REI] [REIServerPlugin START] Reloading Section: "pre-register/DefaultRuntimePlugin of DefaultRuntimePlugin [roughlyenoughitems]/"
[03:30:21] [main/TRACE] [REI] [REIServerPlugin START] Reloading Section: "pre-register/DefaultRuntimePlugin of DefaultRuntimePlugin [roughlyenoughitems]/" done in 9.247 μs
[03:30:21] [main/TRACE] [REI] [REIServerPlugin START] Reloading Section: "pre-register/" done in 562.7 μs
[03:30:21] [main/TRACE] [REI] [REIServerPlugin START] Reloading Section: "pre-stage/"
[03:30:21] [main/TRACE] [REI] [REIServerPlugin START] Reloading Section: "pre-stage/MenuInfoRegistryImpl/"
[03:30:21] [main/TRACE] [REI] [REIServerPlugin START] Reloading Section: "pre-stage/MenuInfoRegistryImpl/" done in 7.003 μs
[03:30:21] [main/TRACE] [REI] [REIServerPlugin START] Reloading Section: "pre-stage/SlotAccessorRegistryImpl/"
[03:30:21] [main/TRACE] [REI] [REIServerPlugin START] Reloading Section: "pre-stage/SlotAccessorRegistryImpl/" done in 5.541 μs
[03:30:21] [main/TRACE] [REI] [REIServerPlugin START] Reloading Section: "pre-stage/" done in 163.2 μs
[03:30:21] [main/DEBUG] [REI] ========================================
[03:30:21] [main/DEBUG] [REI] REIServerPlugin finished pre-reload for START in 910.0 μs.
[03:30:21] [main/DEBUG] [REI] ========================================
[03:30:21] [main/INFO] [REI] OOOOOOOOOOOOOOOOOOOOOOOOOOOOOOOOOOOOOOOO
[03:30:21] [main/INFO] [REI] REIPlugin starting main-reload for START.
[03:30:21] [main/DEBUG] [REI] Reloadables (7):
[03:30:21] [main/DEBUG] [REI]  - EntryTypeRegistryImpl
[03:30:21] [main/DEBUG] [REI]  - EntrySettingsAdapterRegistryImpl
[03:30:21] [main/DEBUG] [REI]  - RecipeManagerContextImpl
[03:30:21] [main/DEBUG] [REI]  - ItemComparatorRegistryImpl
[03:30:21] [main/DEBUG] [REI]  - FluidComparatorRegistryImpl
[03:30:21] [main/DEBUG] [REI]  - DisplaySerializerRegistryImpl
[03:30:21] [main/DEBUG] [REI]  - FluidSupportProviderImpl
[03:30:21] [main/INFO] [REI] Plugins (3):
[03:30:21] [main/INFO] [REI]  - (-100.00) DefaultPlugin of DefaultPlugin [roughlyenoughitems]
[03:30:21] [main/INFO] [REI]  - (0.00) FabricFluidAPISupportPlugin
[03:30:21] [main/INFO] [REI]  - (0.00) DefaultRuntimePlugin of DefaultRuntimePlugin [roughlyenoughitems]
[03:30:21] [main/INFO] [REI] OOOOOOOOOOOOOOOOOOOOOOOOOOOOOOOOOOOOOOOO
[03:30:21] [main/TRACE] [REI] [REIPlugin START] Reloading Section: "start-reload/"
[03:30:21] [main/TRACE] [REI] [REIPlugin START] Reloading Section: "start-reload/EntryTypeRegistryImpl/"
[03:30:21] [main/TRACE] [REI] [REIPlugin START] Reloading Section: "start-reload/EntryTypeRegistryImpl/" done in 53.22 μs
[03:30:21] [main/TRACE] [REI] [REIPlugin START] Reloading Section: "start-reload/EntrySettingsAdapterRegistryImpl/"
[03:30:21] [main/TRACE] [REI] [REIPlugin START] Reloading Section: "start-reload/EntrySettingsAdapterRegistryImpl/" done in 13.56 μs
[03:30:21] [main/TRACE] [REI] [REIPlugin START] Reloading Section: "start-reload/RecipeManagerContextImpl/"
[03:30:21] [main/TRACE] [REI] [REIPlugin START] Reloading Section: "start-reload/RecipeManagerContextImpl/" done in 6.872 μs
[03:30:21] [main/TRACE] [REI] [REIPlugin START] Reloading Section: "start-reload/ItemComparatorRegistryImpl/"
[03:30:21] [main/TRACE] [REI] [REIPlugin START] Reloading Section: "start-reload/ItemComparatorRegistryImpl/" done in 83.70 μs
[03:30:21] [main/TRACE] [REI] [REIPlugin START] Reloading Section: "start-reload/FluidComparatorRegistryImpl/"
[03:30:21] [main/TRACE] [REI] [REIPlugin START] Reloading Section: "start-reload/FluidComparatorRegistryImpl/" done in 9.638 μs
[03:30:21] [main/TRACE] [REI] [REIPlugin START] Reloading Section: "start-reload/DisplaySerializerRegistryImpl/"
[03:30:21] [main/TRACE] [REI] [REIPlugin START] Reloading Section: "start-reload/DisplaySerializerRegistryImpl/" done in 8.105 μs
[03:30:21] [main/TRACE] [REI] [REIPlugin START] Reloading Section: "start-reload/FluidSupportProviderImpl/"
[03:30:21] [main/TRACE] [REI] [REIPlugin START] Reloading Section: "start-reload/FluidSupportProviderImpl/" done in 19.86 μs
[03:30:21] [main/TRACE] [REI] [REIPlugin START] Reloading Section: "start-reload/" done in 1.001 ms
[03:30:21] [main/DEBUG] [REI] ========================================
[03:30:21] [main/DEBUG] [REI] REIPlugin started main-reload for START.
[03:30:21] [main/DEBUG] [REI] ========================================
[03:30:21] [main/TRACE] [REI] [REIPlugin START] Reloading Section: "reloadable-plugin/EntryTypeRegistryImpl/"
[03:30:21] [main/TRACE] [REI] [REIPlugin START] Reloading Section: "reloadable-plugin/EntryTypeRegistryImpl/DefaultPlugin of DefaultPlugin [roughlyenoughitems]/"
[03:30:21] [main/TRACE] [REI] [REIPlugin START] Reloading Section: "reloadable-plugin/EntryTypeRegistryImpl/DefaultPlugin of DefaultPlugin [roughlyenoughitems]/" done in 156.2 μs
[03:30:21] [main/TRACE] [REI] [REIPlugin START] Reloading Section: "reloadable-plugin/EntryTypeRegistryImpl/FabricFluidAPISupportPlugin/"
[03:30:21] [main/TRACE] [REI] [REIPlugin START] Reloading Section: "reloadable-plugin/EntryTypeRegistryImpl/FabricFluidAPISupportPlugin/" done in 13.73 μs
[03:30:21] [main/TRACE] [REI] [REIPlugin START] Reloading Section: "reloadable-plugin/EntryTypeRegistryImpl/DefaultRuntimePlugin of DefaultRuntimePlugin [roughlyenoughitems]/"
[03:30:21] [main/TRACE] [REI] [REIPlugin START] Reloading Section: "reloadable-plugin/EntryTypeRegistryImpl/DefaultRuntimePlugin of DefaultRuntimePlugin [roughlyenoughitems]/" done in 5.677 ms
[03:30:21] [main/TRACE] [REI] [REIPlugin START] Reloading Section: "reloadable-plugin/EntryTypeRegistryImpl/" done in 6.457 ms
[03:30:21] [main/TRACE] [REI] [REIPlugin START] Reloading Section: "reloadable-plugin/EntrySettingsAdapterRegistryImpl/"
[03:30:21] [main/TRACE] [REI] [REIPlugin START] Reloading Section: "reloadable-plugin/EntrySettingsAdapterRegistryImpl/DefaultPlugin of DefaultPlugin [roughlyenoughitems]/"
[03:30:21] [main/TRACE] [REI] [REIPlugin START] Reloading Section: "reloadable-plugin/EntrySettingsAdapterRegistryImpl/DefaultPlugin of DefaultPlugin [roughlyenoughitems]/" done in 13.04 μs
[03:30:21] [main/TRACE] [REI] [REIPlugin START] Reloading Section: "reloadable-plugin/EntrySettingsAdapterRegistryImpl/FabricFluidAPISupportPlugin/"
[03:30:21] [main/TRACE] [REI] [REIPlugin START] Reloading Section: "reloadable-plugin/EntrySettingsAdapterRegistryImpl/FabricFluidAPISupportPlugin/" done in 11.15 μs
[03:30:21] [main/TRACE] [REI] [REIPlugin START] Reloading Section: "reloadable-plugin/EntrySettingsAdapterRegistryImpl/DefaultRuntimePlugin of DefaultRuntimePlugin [roughlyenoughitems]/"
[03:30:21] [main/TRACE] [REI] [REIPlugin START] Reloading Section: "reloadable-plugin/EntrySettingsAdapterRegistryImpl/DefaultRuntimePlugin of DefaultRuntimePlugin [roughlyenoughitems]/" done in 13.30 μs
[03:30:21] [main/TRACE] [REI] [REIPlugin START] Reloading Section: "reloadable-plugin/EntrySettingsAdapterRegistryImpl/" done in 410.4 μs
[03:30:21] [main/TRACE] [REI] [REIPlugin START] Reloading Section: "reloadable-plugin/RecipeManagerContextImpl/"
[03:30:21] [main/TRACE] [REI] [REIPlugin START] Reloading Section: "reloadable-plugin/RecipeManagerContextImpl/DefaultPlugin of DefaultPlugin [roughlyenoughitems]/"
[03:30:21] [main/TRACE] [REI] [REIPlugin START] Reloading Section: "reloadable-plugin/RecipeManagerContextImpl/DefaultPlugin of DefaultPlugin [roughlyenoughitems]/" done in 10.04 μs
[03:30:21] [main/TRACE] [REI] [REIPlugin START] Reloading Section: "reloadable-plugin/RecipeManagerContextImpl/FabricFluidAPISupportPlugin/"
[03:30:21] [main/TRACE] [REI] [REIPlugin START] Reloading Section: "reloadable-plugin/RecipeManagerContextImpl/FabricFluidAPISupportPlugin/" done in 28.72 μs
[03:30:21] [main/TRACE] [REI] [REIPlugin START] Reloading Section: "reloadable-plugin/RecipeManagerContextImpl/DefaultRuntimePlugin of DefaultRuntimePlugin [roughlyenoughitems]/"
[03:30:21] [main/TRACE] [REI] [REIPlugin START] Reloading Section: "reloadable-plugin/RecipeManagerContextImpl/DefaultRuntimePlugin of DefaultRuntimePlugin [roughlyenoughitems]/" done in 10.94 μs
[03:30:21] [main/TRACE] [REI] [REIPlugin START] Reloading Section: "reloadable-plugin/RecipeManagerContextImpl/" done in 342.9 μs
[03:30:21] [main/TRACE] [REI] [REIPlugin START] Reloading Section: "reloadable-plugin/ItemComparatorRegistryImpl/"
[03:30:21] [main/TRACE] [REI] [REIPlugin START] Reloading Section: "reloadable-plugin/ItemComparatorRegistryImpl/DefaultPlugin of DefaultPlugin [roughlyenoughitems]/"
[03:30:21] [main/TRACE] [REI] [REIPlugin START] Reloading Section: "reloadable-plugin/ItemComparatorRegistryImpl/DefaultPlugin of DefaultPlugin [roughlyenoughitems]/" done in 939.6 μs
[03:30:21] [main/TRACE] [REI] [REIPlugin START] Reloading Section: "reloadable-plugin/ItemComparatorRegistryImpl/FabricFluidAPISupportPlugin/"
[03:30:21] [main/TRACE] [REI] [REIPlugin START] Reloading Section: "reloadable-plugin/ItemComparatorRegistryImpl/FabricFluidAPISupportPlugin/" done in 32.70 μs
[03:30:21] [main/TRACE] [REI] [REIPlugin START] Reloading Section: "reloadable-plugin/ItemComparatorRegistryImpl/DefaultRuntimePlugin of DefaultRuntimePlugin [roughlyenoughitems]/"
[03:30:21] [main/TRACE] [REI] [REIPlugin START] Reloading Section: "reloadable-plugin/ItemComparatorRegistryImpl/DefaultRuntimePlugin of DefaultRuntimePlugin [roughlyenoughitems]/" done in 12.22 μs
[03:30:21] [main/TRACE] [REI] [REIPlugin START] Reloading Section: "reloadable-plugin/ItemComparatorRegistryImpl/" done in 1.461 ms
[03:30:21] [main/TRACE] [REI] [REIPlugin START] Reloading Section: "reloadable-plugin/FluidComparatorRegistryImpl/"
[03:30:21] [main/TRACE] [REI] [REIPlugin START] Reloading Section: "reloadable-plugin/FluidComparatorRegistryImpl/DefaultPlugin of DefaultPlugin [roughlyenoughitems]/"
[03:30:21] [main/TRACE] [REI] [REIPlugin START] Reloading Section: "reloadable-plugin/FluidComparatorRegistryImpl/DefaultPlugin of DefaultPlugin [roughlyenoughitems]/" done in 20.34 μs
[03:30:21] [main/TRACE] [REI] [REIPlugin START] Reloading Section: "reloadable-plugin/FluidComparatorRegistryImpl/FabricFluidAPISupportPlugin/"
[03:30:21] [main/TRACE] [REI] [REIPlugin START] Reloading Section: "reloadable-plugin/FluidComparatorRegistryImpl/FabricFluidAPISupportPlugin/" done in 14.75 μs
[03:30:21] [main/TRACE] [REI] [REIPlugin START] Reloading Section: "reloadable-plugin/FluidComparatorRegistryImpl/DefaultRuntimePlugin of DefaultRuntimePlugin [roughlyenoughitems]/"
[03:30:21] [main/TRACE] [REI] [REIPlugin START] Reloading Section: "reloadable-plugin/FluidComparatorRegistryImpl/DefaultRuntimePlugin of DefaultRuntimePlugin [roughlyenoughitems]/" done in 12.55 μs
[03:30:21] [main/TRACE] [REI] [REIPlugin START] Reloading Section: "reloadable-plugin/FluidComparatorRegistryImpl/" done in 647.2 μs
[03:30:21] [main/TRACE] [REI] [REIPlugin START] Reloading Section: "reloadable-plugin/DisplaySerializerRegistryImpl/"
[03:30:21] [main/TRACE] [REI] [REIPlugin START] Reloading Section: "reloadable-plugin/DisplaySerializerRegistryImpl/DefaultPlugin of DefaultPlugin [roughlyenoughitems]/"
[03:30:21] [main/TRACE] [REI] [REIPlugin START] Reloading Section: "reloadable-plugin/DisplaySerializerRegistryImpl/DefaultPlugin of DefaultPlugin [roughlyenoughitems]/" done in 12.52 μs
[03:30:21] [main/TRACE] [REI] [REIPlugin START] Reloading Section: "reloadable-plugin/DisplaySerializerRegistryImpl/FabricFluidAPISupportPlugin/"
[03:30:21] [main/TRACE] [REI] [REIPlugin START] Reloading Section: "reloadable-plugin/DisplaySerializerRegistryImpl/FabricFluidAPISupportPlugin/" done in 29.21 μs
[03:30:21] [main/TRACE] [REI] [REIPlugin START] Reloading Section: "reloadable-plugin/DisplaySerializerRegistryImpl/DefaultRuntimePlugin of DefaultRuntimePlugin [roughlyenoughitems]/"
[03:30:21] [main/TRACE] [REI] [REIPlugin START] Reloading Section: "reloadable-plugin/DisplaySerializerRegistryImpl/DefaultRuntimePlugin of DefaultRuntimePlugin [roughlyenoughitems]/" done in 29.98 μs
[03:30:21] [main/TRACE] [REI] [REIPlugin START] Reloading Section: "reloadable-plugin/DisplaySerializerRegistryImpl/" done in 469.4 μs
[03:30:21] [main/TRACE] [REI] [REIPlugin START] Reloading Section: "reloadable-plugin/FluidSupportProviderImpl/"
[03:30:21] [main/TRACE] [REI] [REIPlugin START] Reloading Section: "reloadable-plugin/FluidSupportProviderImpl/DefaultPlugin of DefaultPlugin [roughlyenoughitems]/"
[03:30:21] [main/TRACE] [REI] [REIPlugin START] Reloading Section: "reloadable-plugin/FluidSupportProviderImpl/DefaultPlugin of DefaultPlugin [roughlyenoughitems]/" done in 606.6 μs
[03:30:21] [main/TRACE] [REI] [REIPlugin START] Reloading Section: "reloadable-plugin/FluidSupportProviderImpl/FabricFluidAPISupportPlugin/"
[03:30:21] [main/TRACE] [REI] [REIPlugin START] Reloading Section: "reloadable-plugin/FluidSupportProviderImpl/FabricFluidAPISupportPlugin/" done in 143.0 μs
[03:30:21] [main/TRACE] [REI] [REIPlugin START] Reloading Section: "reloadable-plugin/FluidSupportProviderImpl/DefaultRuntimePlugin of DefaultRuntimePlugin [roughlyenoughitems]/"
[03:30:21] [main/TRACE] [REI] [REIPlugin START] Reloading Section: "reloadable-plugin/FluidSupportProviderImpl/DefaultRuntimePlugin of DefaultRuntimePlugin [roughlyenoughitems]/" done in 21.40 μs
[03:30:21] [main/TRACE] [REI] [REIPlugin START] Reloading Section: "reloadable-plugin/FluidSupportProviderImpl/" done in 1.192 ms
[03:30:21] [main/DEBUG] [REI] ========================================
[03:30:21] [main/DEBUG] [REI] REIPlugin ending main-reload for START.
[03:30:21] [main/DEBUG] [REI] ========================================
[03:30:21] [main/TRACE] [REI] [REIPlugin START] Reloading Section: "end-reload/"
[03:30:21] [main/TRACE] [REI] [REIPlugin START] Reloading Section: "end-reload/EntryTypeRegistryImpl/"
[03:30:21] [main/TRACE] [REI] [REIPlugin START] Reloading Section: "end-reload/EntryTypeRegistryImpl/" done in 22.53 μs
[03:30:21] [main/TRACE] [REI] [REIPlugin START] Reloading Section: "end-reload/EntrySettingsAdapterRegistryImpl/"
[03:30:21] [main/TRACE] [REI] [REIPlugin START] Reloading Section: "end-reload/EntrySettingsAdapterRegistryImpl/" done in 7.234 μs
[03:30:21] [main/TRACE] [REI] [REIPlugin START] Reloading Section: "end-reload/RecipeManagerContextImpl/"
[03:30:21] [main/TRACE] [REI] [REIPlugin START] Reloading Section: "end-reload/RecipeManagerContextImpl/" done in 8.065 μs
[03:30:21] [main/TRACE] [REI] [REIPlugin START] Reloading Section: "end-reload/ItemComparatorRegistryImpl/"
[03:30:21] [main/TRACE] [REI] [REIPlugin START] Reloading Section: "end-reload/ItemComparatorRegistryImpl/" done in 6.693 μs
[03:30:21] [main/TRACE] [REI] [REIPlugin START] Reloading Section: "end-reload/FluidComparatorRegistryImpl/"
[03:30:21] [main/TRACE] [REI] [REIPlugin START] Reloading Section: "end-reload/FluidComparatorRegistryImpl/" done in 10.45 μs
[03:30:21] [main/TRACE] [REI] [REIPlugin START] Reloading Section: "end-reload/DisplaySerializerRegistryImpl/"
[03:30:21] [main/TRACE] [REI] [REIPlugin START] Reloading Section: "end-reload/DisplaySerializerRegistryImpl/" done in 6.963 μs
[03:30:21] [main/TRACE] [REI] [REIPlugin START] Reloading Section: "end-reload/FluidSupportProviderImpl/"
[03:30:21] [main/TRACE] [REI] [REIPlugin START] Reloading Section: "end-reload/FluidSupportProviderImpl/" done in 6.853 μs
[03:30:21] [main/TRACE] [REI] [REIPlugin START] Reloading Section: "end-reload/" done in 762.3 μs
[03:30:21] [main/DEBUG] [REI] ========================================
[03:30:21] [main/DEBUG] [REI] REIPlugin ended main-reload for START in 15.72 ms.
[03:30:21] [main/DEBUG] [REI] ========================================
[03:30:21] [main/INFO] [REI] ########################################
[03:30:21] [main/INFO] [REI] REIServerPlugin starting main-reload for START.
[03:30:21] [main/DEBUG] [REI] Reloadables (2):
[03:30:21] [main/DEBUG] [REI]  - MenuInfoRegistryImpl
[03:30:21] [main/DEBUG] [REI]  - SlotAccessorRegistryImpl
[03:30:21] [main/INFO] [REI] Plugins (3):
[03:30:21] [main/INFO] [REI]  - (-100.00) DefaultPlugin of DefaultPlugin [roughlyenoughitems]
[03:30:21] [main/INFO] [REI]  - (0.00) FabricFluidAPISupportPlugin
[03:30:21] [main/INFO] [REI]  - (0.00) DefaultRuntimePlugin of DefaultRuntimePlugin [roughlyenoughitems]
[03:30:21] [main/INFO] [REI] ########################################
[03:30:21] [main/TRACE] [REI] [REIServerPlugin START] Reloading Section: "start-reload/"
[03:30:21] [main/TRACE] [REI] [REIServerPlugin START] Reloading Section: "start-reload/MenuInfoRegistryImpl/"
[03:30:21] [main/TRACE] [REI] [REIServerPlugin START] Reloading Section: "start-reload/MenuInfoRegistryImpl/" done in 9.167 μs
[03:30:21] [main/TRACE] [REI] [REIServerPlugin START] Reloading Section: "start-reload/SlotAccessorRegistryImpl/"
[03:30:21] [main/TRACE] [REI] [REIServerPlugin START] Reloading Section: "start-reload/SlotAccessorRegistryImpl/" done in 7.243 μs
[03:30:21] [main/TRACE] [REI] [REIServerPlugin START] Reloading Section: "start-reload/" done in 219.5 μs
[03:30:21] [main/DEBUG] [REI] ========================================
[03:30:21] [main/DEBUG] [REI] REIServerPlugin started main-reload for START.
[03:30:21] [main/DEBUG] [REI] ========================================
[03:30:21] [main/TRACE] [REI] [REIServerPlugin START] Reloading Section: "reloadable-plugin/MenuInfoRegistryImpl/"
[03:30:21] [main/TRACE] [REI] [REIServerPlugin START] Reloading Section: "reloadable-plugin/MenuInfoRegistryImpl/DefaultPlugin of DefaultPlugin [roughlyenoughitems]/"
[03:30:21] [main/TRACE] [REI] [REIServerPlugin START] Reloading Section: "reloadable-plugin/MenuInfoRegistryImpl/DefaultPlugin of DefaultPlugin [roughlyenoughitems]/" done in 11.57 μs
[03:30:21] [main/TRACE] [REI] [REIServerPlugin START] Reloading Section: "reloadable-plugin/MenuInfoRegistryImpl/FabricFluidAPISupportPlugin/"
[03:30:21] [main/TRACE] [REI] [REIServerPlugin START] Reloading Section: "reloadable-plugin/MenuInfoRegistryImpl/FabricFluidAPISupportPlugin/" done in 10.82 μs
[03:30:21] [main/TRACE] [REI] [REIServerPlugin START] Reloading Section: "reloadable-plugin/MenuInfoRegistryImpl/DefaultRuntimePlugin of DefaultRuntimePlugin [roughlyenoughitems]/"
[03:30:21] [main/TRACE] [REI] [REIServerPlugin START] Reloading Section: "reloadable-plugin/MenuInfoRegistryImpl/DefaultRuntimePlugin of DefaultRuntimePlugin [roughlyenoughitems]/" done in 10.69 μs
[03:30:21] [main/TRACE] [REI] [REIServerPlugin START] Reloading Section: "reloadable-plugin/MenuInfoRegistryImpl/" done in 360.8 μs
[03:30:21] [main/TRACE] [REI] [REIServerPlugin START] Reloading Section: "reloadable-plugin/SlotAccessorRegistryImpl/"
[03:30:21] [main/TRACE] [REI] [REIServerPlugin START] Reloading Section: "reloadable-plugin/SlotAccessorRegistryImpl/DefaultPlugin of DefaultPlugin [roughlyenoughitems]/"
[03:30:21] [main/TRACE] [REI] [REIServerPlugin START] Reloading Section: "reloadable-plugin/SlotAccessorRegistryImpl/DefaultPlugin of DefaultPlugin [roughlyenoughitems]/" done in 10.11 μs
[03:30:21] [main/TRACE] [REI] [REIServerPlugin START] Reloading Section: "reloadable-plugin/SlotAccessorRegistryImpl/FabricFluidAPISupportPlugin/"
[03:30:21] [main/TRACE] [REI] [REIServerPlugin START] Reloading Section: "reloadable-plugin/SlotAccessorRegistryImpl/FabricFluidAPISupportPlugin/" done in 9.848 μs
[03:30:21] [main/TRACE] [REI] [REIServerPlugin START] Reloading Section: "reloadable-plugin/SlotAccessorRegistryImpl/DefaultRuntimePlugin of DefaultRuntimePlugin [roughlyenoughitems]/"
[03:30:21] [main/TRACE] [REI] [REIServerPlugin START] Reloading Section: "reloadable-plugin/SlotAccessorRegistryImpl/DefaultRuntimePlugin of DefaultRuntimePlugin [roughlyenoughitems]/" done in 9.017 μs
[03:30:21] [main/TRACE] [REI] [REIServerPlugin START] Reloading Section: "reloadable-plugin/SlotAccessorRegistryImpl/" done in 445.7 μs
[03:30:21] [main/DEBUG] [REI] ========================================
[03:30:21] [main/DEBUG] [REI] REIServerPlugin ending main-reload for START.
[03:30:21] [main/DEBUG] [REI] ========================================
[03:30:21] [main/TRACE] [REI] [REIServerPlugin START] Reloading Section: "end-reload/"
[03:30:21] [main/TRACE] [REI] [REIServerPlugin START] Reloading Section: "end-reload/MenuInfoRegistryImpl/"
[03:30:21] [main/TRACE] [REI] [REIServerPlugin START] Reloading Section: "end-reload/MenuInfoRegistryImpl/" done in 7.895 μs
[03:30:21] [main/TRACE] [REI] [REIServerPlugin START] Reloading Section: "end-reload/SlotAccessorRegistryImpl/"
[03:30:21] [main/TRACE] [REI] [REIServerPlugin START] Reloading Section: "end-reload/SlotAccessorRegistryImpl/" done in 6.963 μs
[03:30:21] [main/TRACE] [REI] [REIServerPlugin START] Reloading Section: "end-reload/" done in 214.8 μs
[03:30:21] [main/DEBUG] [REI] ========================================
[03:30:21] [main/DEBUG] [REI] REIServerPlugin ended main-reload for START in 2.876 ms.
[03:30:21] [main/DEBUG] [REI] ========================================
[03:30:21] [main/DEBUG] [REI] ========================================
[03:30:21] [main/DEBUG] [REI] REIPlugin starting post-reload for START.
[03:30:21] [main/DEBUG] [REI] Reloadables (7):
[03:30:21] [main/DEBUG] [REI]  - EntryTypeRegistryImpl
[03:30:21] [main/DEBUG] [REI]  - EntrySettingsAdapterRegistryImpl
[03:30:21] [main/DEBUG] [REI]  - RecipeManagerContextImpl
[03:30:21] [main/DEBUG] [REI]  - ItemComparatorRegistryImpl
[03:30:21] [main/DEBUG] [REI]  - FluidComparatorRegistryImpl
[03:30:21] [main/DEBUG] [REI]  - DisplaySerializerRegistryImpl
[03:30:21] [main/DEBUG] [REI]  - FluidSupportProviderImpl
[03:30:21] [main/DEBUG] [REI] Plugins (3):
[03:30:21] [main/DEBUG] [REI]  - (-100.00) DefaultPlugin of DefaultPlugin [roughlyenoughitems]
[03:30:21] [main/DEBUG] [REI]  - (0.00) FabricFluidAPISupportPlugin
[03:30:21] [main/DEBUG] [REI]  - (0.00) DefaultRuntimePlugin of DefaultRuntimePlugin [roughlyenoughitems]
[03:30:21] [main/DEBUG] [REI] ========================================
[03:30:21] [main/TRACE] [REI] [REIPlugin START] Reloading Section: "post-register/"
[03:30:21] [main/TRACE] [REI] [REIPlugin START] Reloading Section: "post-register/DefaultPlugin of DefaultPlugin [roughlyenoughitems]/"
[03:30:21] [main/TRACE] [REI] [REIPlugin START] Reloading Section: "post-register/DefaultPlugin of DefaultPlugin [roughlyenoughitems]/" done in 149.8 μs
[03:30:21] [main/TRACE] [REI] [REIPlugin START] Reloading Section: "post-register/FabricFluidAPISupportPlugin/"
[03:30:21] [main/TRACE] [REI] [REIPlugin START] Reloading Section: "post-register/FabricFluidAPISupportPlugin/" done in 9.437 μs
[03:30:21] [main/TRACE] [REI] [REIPlugin START] Reloading Section: "post-register/DefaultRuntimePlugin of DefaultRuntimePlugin [roughlyenoughitems]/"
[03:30:21] [main/TRACE] [REI] [REIPlugin START] Reloading Section: "post-register/DefaultRuntimePlugin of DefaultRuntimePlugin [roughlyenoughitems]/" done in 10.01 μs
[03:30:21] [main/TRACE] [REI] [REIPlugin START] Reloading Section: "post-register/" done in 725.3 μs
[03:30:21] [main/TRACE] [REI] [REIPlugin START] Reloading Section: "post-stage/"
[03:30:21] [main/TRACE] [REI] [REIPlugin START] Reloading Section: "post-stage/EntryTypeRegistryImpl/"
[03:30:21] [main/TRACE] [REI] [REIPlugin START] Reloading Section: "post-stage/EntryTypeRegistryImpl/" done in 12.79 μs
[03:30:21] [main/TRACE] [REI] [REIPlugin START] Reloading Section: "post-stage/EntrySettingsAdapterRegistryImpl/"
[03:30:21] [main/TRACE] [REI] [REIPlugin START] Reloading Section: "post-stage/EntrySettingsAdapterRegistryImpl/" done in 7.163 μs
[03:30:21] [main/TRACE] [REI] [REIPlugin START] Reloading Section: "post-stage/RecipeManagerContextImpl/"
[03:30:21] [main/TRACE] [REI] [REIPlugin START] Reloading Section: "post-stage/RecipeManagerContextImpl/" done in 6.783 μs
[03:30:21] [main/TRACE] [REI] [REIPlugin START] Reloading Section: "post-stage/ItemComparatorRegistryImpl/"
[03:30:21] [main/TRACE] [REI] [REIPlugin START] Reloading Section: "post-stage/ItemComparatorRegistryImpl/" done in 6.421 μs
[03:30:21] [main/TRACE] [REI] [REIPlugin START] Reloading Section: "post-stage/FluidComparatorRegistryImpl/"
[03:30:21] [main/TRACE] [REI] [REIPlugin START] Reloading Section: "post-stage/FluidComparatorRegistryImpl/" done in 6.382 μs
[03:30:21] [main/TRACE] [REI] [REIPlugin START] Reloading Section: "post-stage/DisplaySerializerRegistryImpl/"
[03:30:21] [main/TRACE] [REI] [REIPlugin START] Reloading Section: "post-stage/DisplaySerializerRegistryImpl/" done in 6.091 μs
[03:30:21] [main/TRACE] [REI] [REIPlugin START] Reloading Section: "post-stage/FluidSupportProviderImpl/"
[03:30:21] [main/TRACE] [REI] [REIPlugin START] Reloading Section: "post-stage/FluidSupportProviderImpl/" done in 5.580 μs
[03:30:21] [main/TRACE] [REI] [REIPlugin START] Reloading Section: "post-stage/" done in 1.497 ms
[03:30:21] [main/DEBUG] [REI] ========================================
[03:30:21] [main/INFO] [REI] REIPlugin finished post-reload for START in 2.756 ms, totaling 41.75 ms.
[03:30:21] [main/DEBUG] [REI] ========================================
[03:30:21] [main/DEBUG] [REI] ========================================
[03:30:21] [main/DEBUG] [REI] REIServerPlugin starting post-reload for START.
[03:30:21] [main/DEBUG] [REI] Reloadables (2):
[03:30:21] [main/DEBUG] [REI]  - MenuInfoRegistryImpl
[03:30:21] [main/DEBUG] [REI]  - SlotAccessorRegistryImpl
[03:30:21] [main/DEBUG] [REI] Plugins (3):
[03:30:21] [main/DEBUG] [REI]  - (-100.00) DefaultPlugin of DefaultPlugin [roughlyenoughitems]
[03:30:21] [main/DEBUG] [REI]  - (0.00) FabricFluidAPISupportPlugin
[03:30:21] [main/DEBUG] [REI]  - (0.00) DefaultRuntimePlugin of DefaultRuntimePlugin [roughlyenoughitems]
[03:30:21] [main/DEBUG] [REI] ========================================
[03:30:21] [main/TRACE] [REI] [REIServerPlugin START] Reloading Section: "post-register/"
[03:30:21] [main/TRACE] [REI] [REIServerPlugin START] Reloading Section: "post-register/DefaultPlugin of DefaultPlugin [roughlyenoughitems]/"
[03:30:21] [main/TRACE] [REI] [REIServerPlugin START] Reloading Section: "post-register/DefaultPlugin of DefaultPlugin [roughlyenoughitems]/" done in 14.06 μs
[03:30:21] [main/TRACE] [REI] [REIServerPlugin START] Reloading Section: "post-register/FabricFluidAPISupportPlugin/"
[03:30:21] [main/TRACE] [REI] [REIServerPlugin START] Reloading Section: "post-register/FabricFluidAPISupportPlugin/" done in 8.205 μs
[03:30:21] [main/TRACE] [REI] [REIServerPlugin START] Reloading Section: "post-register/DefaultRuntimePlugin of DefaultRuntimePlugin [roughlyenoughitems]/"
[03:30:21] [main/TRACE] [REI] [REIServerPlugin START] Reloading Section: "post-register/DefaultRuntimePlugin of DefaultRuntimePlugin [roughlyenoughitems]/" done in 9.298 μs
[03:30:21] [main/TRACE] [REI] [REIServerPlugin START] Reloading Section: "post-register/" done in 407.3 μs
[03:30:21] [main/TRACE] [REI] [REIServerPlugin START] Reloading Section: "post-stage/"
[03:30:21] [main/TRACE] [REI] [REIServerPlugin START] Reloading Section: "post-stage/MenuInfoRegistryImpl/"
[03:30:21] [main/TRACE] [REI] [REIServerPlugin START] Reloading Section: "post-stage/MenuInfoRegistryImpl/" done in 7.454 μs
[03:30:21] [main/TRACE] [REI] [REIServerPlugin START] Reloading Section: "post-stage/SlotAccessorRegistryImpl/"
[03:30:21] [main/TRACE] [REI] [REIServerPlugin START] Reloading Section: "post-stage/SlotAccessorRegistryImpl/" done in 5.219 μs
[03:30:21] [main/TRACE] [REI] [REIServerPlugin START] Reloading Section: "post-stage/" done in 198.4 μs
[03:30:21] [main/DEBUG] [REI] ========================================
[03:30:21] [main/INFO] [REI] REIServerPlugin finished post-reload for START in 814.1 μs, totaling 4.562 ms.
[03:30:21] [main/DEBUG] [REI] ========================================
[03:30:21] [main/DEBUG] [REI] ========================================
[03:30:21] [main/DEBUG] [REI] REIPlugin starting pre-reload for END.
[03:30:21] [main/DEBUG] [REI] Reloadables (7):
[03:30:21] [main/DEBUG] [REI]  - EntryTypeRegistryImpl
[03:30:21] [main/DEBUG] [REI]  - EntrySettingsAdapterRegistryImpl
[03:30:21] [main/DEBUG] [REI]  - RecipeManagerContextImpl
[03:30:21] [main/DEBUG] [REI]  - ItemComparatorRegistryImpl
[03:30:21] [main/DEBUG] [REI]  - FluidComparatorRegistryImpl
[03:30:21] [main/DEBUG] [REI]  - DisplaySerializerRegistryImpl
[03:30:21] [main/DEBUG] [REI]  - FluidSupportProviderImpl
[03:30:21] [main/DEBUG] [REI] Plugins (3):
[03:30:21] [main/DEBUG] [REI]  - (-100.00) DefaultPlugin of DefaultPlugin [roughlyenoughitems]
[03:30:21] [main/DEBUG] [REI]  - (0.00) FabricFluidAPISupportPlugin
[03:30:21] [main/DEBUG] [REI]  - (0.00) DefaultRuntimePlugin of DefaultRuntimePlugin [roughlyenoughitems]
[03:30:21] [main/DEBUG] [REI] ========================================
[03:30:21] [main/TRACE] [REI] [REIPlugin END] Reloading Section: "pre-register/"
[03:30:21] [main/TRACE] [REI] [REIPlugin END] Reloading Section: "pre-register/DefaultPlugin of DefaultPlugin [roughlyenoughitems]/"
[03:30:21] [main/TRACE] [REI] [REIPlugin END] Reloading Section: "pre-register/DefaultPlugin of DefaultPlugin [roughlyenoughitems]/" done in 10.79 μs
[03:30:21] [main/TRACE] [REI] [REIPlugin END] Reloading Section: "pre-register/FabricFluidAPISupportPlugin/"
[03:30:21] [main/TRACE] [REI] [REIPlugin END] Reloading Section: "pre-register/FabricFluidAPISupportPlugin/" done in 8.807 μs
[03:30:21] [main/TRACE] [REI] [REIPlugin END] Reloading Section: "pre-register/DefaultRuntimePlugin of DefaultRuntimePlugin [roughlyenoughitems]/"
[03:30:21] [main/TRACE] [REI] [REIPlugin END] Reloading Section: "pre-register/DefaultRuntimePlugin of DefaultRuntimePlugin [roughlyenoughitems]/" done in 7.895 μs
[03:30:21] [main/TRACE] [REI] [REIPlugin END] Reloading Section: "pre-register/" done in 521.2 μs
[03:30:21] [main/TRACE] [REI] [REIPlugin END] Reloading Section: "pre-stage/"
[03:30:21] [main/TRACE] [REI] [REIPlugin END] Reloading Section: "pre-stage/EntryTypeRegistryImpl/"
[03:30:21] [main/TRACE] [REI] [REIPlugin END] Reloading Section: "pre-stage/EntryTypeRegistryImpl/" done in 169.2 μs
[03:30:21] [main/TRACE] [REI] [REIPlugin END] Reloading Section: "pre-stage/EntrySettingsAdapterRegistryImpl/"
[03:30:21] [main/TRACE] [REI] [REIPlugin END] Reloading Section: "pre-stage/EntrySettingsAdapterRegistryImpl/" done in 8.236 μs
[03:30:21] [main/TRACE] [REI] [REIPlugin END] Reloading Section: "pre-stage/RecipeManagerContextImpl/"
[03:30:21] [main/TRACE] [REI] [REIPlugin END] Reloading Section: "pre-stage/RecipeManagerContextImpl/" done in 40.92 μs
[03:30:21] [main/TRACE] [REI] [REIPlugin END] Reloading Section: "pre-stage/ItemComparatorRegistryImpl/"
[03:30:21] [main/TRACE] [REI] [REIPlugin END] Reloading Section: "pre-stage/ItemComparatorRegistryImpl/" done in 24.77 μs
[03:30:21] [main/TRACE] [REI] [REIPlugin END] Reloading Section: "pre-stage/FluidComparatorRegistryImpl/"
[03:30:21] [main/TRACE] [REI] [REIPlugin END] Reloading Section: "pre-stage/FluidComparatorRegistryImpl/" done in 6.061 μs
[03:30:21] [main/TRACE] [REI] [REIPlugin END] Reloading Section: "pre-stage/DisplaySerializerRegistryImpl/"
[03:30:21] [main/TRACE] [REI] [REIPlugin END] Reloading Section: "pre-stage/DisplaySerializerRegistryImpl/" done in 5.781 μs
[03:30:21] [main/TRACE] [REI] [REIPlugin END] Reloading Section: "pre-stage/FluidSupportProviderImpl/"
[03:30:21] [main/TRACE] [REI] [REIPlugin END] Reloading Section: "pre-stage/FluidSupportProviderImpl/" done in 5.240 μs
[03:30:21] [main/TRACE] [REI] [REIPlugin END] Reloading Section: "pre-stage/" done in 1.263 ms
[03:30:21] [main/DEBUG] [REI] ========================================
[03:30:21] [main/DEBUG] [REI] REIPlugin finished pre-reload for END in 2.041 ms.
[03:30:21] [main/DEBUG] [REI] ========================================
[03:30:21] [main/DEBUG] [REI] ========================================
[03:30:21] [main/DEBUG] [REI] REIServerPlugin starting pre-reload for END.
[03:30:21] [main/DEBUG] [REI] Reloadables (2):
[03:30:21] [main/DEBUG] [REI]  - MenuInfoRegistryImpl
[03:30:21] [main/DEBUG] [REI]  - SlotAccessorRegistryImpl
[03:30:21] [main/DEBUG] [REI] Plugins (3):
[03:30:21] [main/DEBUG] [REI]  - (-100.00) DefaultPlugin of DefaultPlugin [roughlyenoughitems]
[03:30:21] [main/DEBUG] [REI]  - (0.00) FabricFluidAPISupportPlugin
[03:30:21] [main/DEBUG] [REI]  - (0.00) DefaultRuntimePlugin of DefaultRuntimePlugin [roughlyenoughitems]
[03:30:21] [main/DEBUG] [REI] ========================================
[03:30:21] [main/TRACE] [REI] [REIServerPlugin END] Reloading Section: "pre-register/"
[03:30:21] [main/TRACE] [REI] [REIServerPlugin END] Reloading Section: "pre-register/DefaultPlugin of DefaultPlugin [roughlyenoughitems]/"
[03:30:21] [main/TRACE] [REI] [REIServerPlugin END] Reloading Section: "pre-register/DefaultPlugin of DefaultPlugin [roughlyenoughitems]/" done in 9.086 μs
[03:30:21] [main/TRACE] [REI] [REIServerPlugin END] Reloading Section: "pre-register/FabricFluidAPISupportPlugin/"
[03:30:21] [main/TRACE] [REI] [REIServerPlugin END] Reloading Section: "pre-register/FabricFluidAPISupportPlugin/" done in 7.534 μs
[03:30:21] [main/TRACE] [REI] [REIServerPlugin END] Reloading Section: "pre-register/DefaultRuntimePlugin of DefaultRuntimePlugin [roughlyenoughitems]/"
[03:30:21] [main/TRACE] [REI] [REIServerPlugin END] Reloading Section: "pre-register/DefaultRuntimePlugin of DefaultRuntimePlugin [roughlyenoughitems]/" done in 10.38 μs
[03:30:21] [main/TRACE] [REI] [REIServerPlugin END] Reloading Section: "pre-register/" done in 2.136 ms
[03:30:21] [main/TRACE] [REI] [REIServerPlugin END] Reloading Section: "pre-stage/"
[03:30:21] [main/TRACE] [REI] [REIServerPlugin END] Reloading Section: "pre-stage/MenuInfoRegistryImpl/"
[03:30:21] [main/TRACE] [REI] [REIServerPlugin END] Reloading Section: "pre-stage/MenuInfoRegistryImpl/" done in 7.514 μs
[03:30:21] [main/TRACE] [REI] [REIServerPlugin END] Reloading Section: "pre-stage/SlotAccessorRegistryImpl/"
[03:30:21] [main/TRACE] [REI] [REIServerPlugin END] Reloading Section: "pre-stage/SlotAccessorRegistryImpl/" done in 24.49 μs
[03:30:21] [main/TRACE] [REI] [REIServerPlugin END] Reloading Section: "pre-stage/" done in 203.3 μs
[03:30:21] [main/DEBUG] [REI] ========================================
[03:30:21] [main/DEBUG] [REI] REIServerPlugin finished pre-reload for END in 2.727 ms.
[03:30:21] [main/DEBUG] [REI] ========================================
[03:30:21] [main/INFO] [REI] OOOOOOOOOOOOOOOOOOOOOOOOOOOOOOOOOOOOOOOO
[03:30:21] [main/INFO] [REI] REIPlugin starting main-reload for END.
[03:30:21] [main/DEBUG] [REI] Reloadables (7):
[03:30:21] [main/DEBUG] [REI]  - EntryTypeRegistryImpl
[03:30:21] [main/DEBUG] [REI]  - EntrySettingsAdapterRegistryImpl
[03:30:21] [main/DEBUG] [REI]  - RecipeManagerContextImpl
[03:30:21] [main/DEBUG] [REI]  - ItemComparatorRegistryImpl
[03:30:21] [main/DEBUG] [REI]  - FluidComparatorRegistryImpl
[03:30:21] [main/DEBUG] [REI]  - DisplaySerializerRegistryImpl
[03:30:21] [main/DEBUG] [REI]  - FluidSupportProviderImpl
[03:30:21] [main/INFO] [REI] Plugins (3):
[03:30:21] [main/INFO] [REI]  - (-100.00) DefaultPlugin of DefaultPlugin [roughlyenoughitems]
[03:30:21] [main/INFO] [REI]  - (0.00) FabricFluidAPISupportPlugin
[03:30:21] [main/INFO] [REI]  - (0.00) DefaultRuntimePlugin of DefaultRuntimePlugin [roughlyenoughitems]
[03:30:21] [main/INFO] [REI] OOOOOOOOOOOOOOOOOOOOOOOOOOOOOOOOOOOOOOOO
[03:30:21] [main/TRACE] [REI] [REIPlugin END] Reloading Section: "start-reload/"
[03:30:21] [main/TRACE] [REI] [REIPlugin END] Reloading Section: "start-reload/EntryTypeRegistryImpl/"
[03:30:21] [main/TRACE] [REI] [REIPlugin END] Reloading Section: "start-reload/EntryTypeRegistryImpl/" done in 6.512 μs
[03:30:21] [main/TRACE] [REI] [REIPlugin END] Reloading Section: "start-reload/EntrySettingsAdapterRegistryImpl/"
[03:30:21] [main/TRACE] [REI] [REIPlugin END] Reloading Section: "start-reload/EntrySettingsAdapterRegistryImpl/" done in 19.74 μs
[03:30:21] [main/TRACE] [REI] [REIPlugin END] Reloading Section: "start-reload/RecipeManagerContextImpl/"
[03:30:21] [main/TRACE] [REI] [REIPlugin END] Reloading Section: "start-reload/RecipeManagerContextImpl/" done in 8.236 μs
[03:30:21] [main/TRACE] [REI] [REIPlugin END] Reloading Section: "start-reload/ItemComparatorRegistryImpl/"
[03:30:21] [main/TRACE] [REI] [REIPlugin END] Reloading Section: "start-reload/ItemComparatorRegistryImpl/" done in 6.022 μs
[03:30:21] [main/TRACE] [REI] [REIPlugin END] Reloading Section: "start-reload/FluidComparatorRegistryImpl/"
[03:30:21] [main/TRACE] [REI] [REIPlugin END] Reloading Section: "start-reload/FluidComparatorRegistryImpl/" done in 4.147 μs
[03:30:21] [main/TRACE] [REI] [REIPlugin END] Reloading Section: "start-reload/DisplaySerializerRegistryImpl/"
[03:30:21] [main/TRACE] [REI] [REIPlugin END] Reloading Section: "start-reload/DisplaySerializerRegistryImpl/" done in 32.16 μs
[03:30:21] [main/TRACE] [REI] [REIPlugin END] Reloading Section: "start-reload/FluidSupportProviderImpl/"
[03:30:21] [main/TRACE] [REI] [REIPlugin END] Reloading Section: "start-reload/FluidSupportProviderImpl/" done in 5.440 μs
[03:30:21] [main/TRACE] [REI] [REIPlugin END] Reloading Section: "start-reload/" done in 916.6 μs
[03:30:21] [main/DEBUG] [REI] ========================================
[03:30:21] [main/DEBUG] [REI] REIPlugin started main-reload for END.
[03:30:21] [main/DEBUG] [REI] ========================================
[03:30:21] [main/TRACE] [REI] [REIPlugin END] Reloading Section: "reloadable-plugin/EntryTypeRegistryImpl/"
[03:30:21] [main/TRACE] [REI] [REIPlugin END] Reloading Section: "reloadable-plugin/EntryTypeRegistryImpl/DefaultPlugin of DefaultPlugin [roughlyenoughitems]/"
[03:30:21] [main/TRACE] [REI] [REIPlugin END] Reloading Section: "reloadable-plugin/EntryTypeRegistryImpl/DefaultPlugin of DefaultPlugin [roughlyenoughitems]/" done in 35.75 μs
[03:30:21] [main/TRACE] [REI] [REIPlugin END] Reloading Section: "reloadable-plugin/EntryTypeRegistryImpl/FabricFluidAPISupportPlugin/"
[03:30:21] [main/TRACE] [REI] [REIPlugin END] Reloading Section: "reloadable-plugin/EntryTypeRegistryImpl/FabricFluidAPISupportPlugin/" done in 9.868 μs
[03:30:21] [main/TRACE] [REI] [REIPlugin END] Reloading Section: "reloadable-plugin/EntryTypeRegistryImpl/DefaultRuntimePlugin of DefaultRuntimePlugin [roughlyenoughitems]/"
[03:30:21] [main/TRACE] [REI] [REIPlugin END] Reloading Section: "reloadable-plugin/EntryTypeRegistryImpl/DefaultRuntimePlugin of DefaultRuntimePlugin [roughlyenoughitems]/" done in 54.49 μs
[03:30:21] [main/TRACE] [REI] [REIPlugin END] Reloading Section: "reloadable-plugin/EntryTypeRegistryImpl/" done in 442.9 μs
[03:30:21] [main/TRACE] [REI] [REIPlugin END] Reloading Section: "reloadable-plugin/EntrySettingsAdapterRegistryImpl/"
[03:30:21] [main/TRACE] [REI] [REIPlugin END] Reloading Section: "reloadable-plugin/EntrySettingsAdapterRegistryImpl/DefaultPlugin of DefaultPlugin [roughlyenoughitems]/"
[03:30:21] [main/TRACE] [REI] [REIPlugin END] Reloading Section: "reloadable-plugin/EntrySettingsAdapterRegistryImpl/DefaultPlugin of DefaultPlugin [roughlyenoughitems]/" done in 19.49 μs
[03:30:21] [main/TRACE] [REI] [REIPlugin END] Reloading Section: "reloadable-plugin/EntrySettingsAdapterRegistryImpl/FabricFluidAPISupportPlugin/"
[03:30:21] [main/TRACE] [REI] [REIPlugin END] Reloading Section: "reloadable-plugin/EntrySettingsAdapterRegistryImpl/FabricFluidAPISupportPlugin/" done in 9.468 μs
[03:30:21] [main/TRACE] [REI] [REIPlugin END] Reloading Section: "reloadable-plugin/EntrySettingsAdapterRegistryImpl/DefaultRuntimePlugin of DefaultRuntimePlugin [roughlyenoughitems]/"
[03:30:21] [main/TRACE] [REI] [REIPlugin END] Reloading Section: "reloadable-plugin/EntrySettingsAdapterRegistryImpl/DefaultRuntimePlugin of DefaultRuntimePlugin [roughlyenoughitems]/" done in 10.84 μs
[03:30:21] [main/TRACE] [REI] [REIPlugin END] Reloading Section: "reloadable-plugin/EntrySettingsAdapterRegistryImpl/" done in 340.4 μs
[03:30:21] [main/TRACE] [REI] [REIPlugin END] Reloading Section: "reloadable-plugin/RecipeManagerContextImpl/"
[03:30:21] [main/TRACE] [REI] [REIPlugin END] Reloading Section: "reloadable-plugin/RecipeManagerContextImpl/DefaultPlugin of DefaultPlugin [roughlyenoughitems]/"
[03:30:21] [main/TRACE] [REI] [REIPlugin END] Reloading Section: "reloadable-plugin/RecipeManagerContextImpl/DefaultPlugin of DefaultPlugin [roughlyenoughitems]/" done in 28.84 μs
[03:30:21] [main/TRACE] [REI] [REIPlugin END] Reloading Section: "reloadable-plugin/RecipeManagerContextImpl/FabricFluidAPISupportPlugin/"
[03:30:21] [main/TRACE] [REI] [REIPlugin END] Reloading Section: "reloadable-plugin/RecipeManagerContextImpl/FabricFluidAPISupportPlugin/" done in 13.43 μs
[03:30:21] [main/TRACE] [REI] [REIPlugin END] Reloading Section: "reloadable-plugin/RecipeManagerContextImpl/DefaultRuntimePlugin of DefaultRuntimePlugin [roughlyenoughitems]/"
[03:30:21] [main/TRACE] [REI] [REIPlugin END] Reloading Section: "reloadable-plugin/RecipeManagerContextImpl/DefaultRuntimePlugin of DefaultRuntimePlugin [roughlyenoughitems]/" done in 10.70 μs
[03:30:21] [main/TRACE] [REI] [REIPlugin END] Reloading Section: "reloadable-plugin/RecipeManagerContextImpl/" done in 338.7 μs
[03:30:21] [main/TRACE] [REI] [REIPlugin END] Reloading Section: "reloadable-plugin/ItemComparatorRegistryImpl/"
[03:30:21] [main/TRACE] [REI] [REIPlugin END] Reloading Section: "reloadable-plugin/ItemComparatorRegistryImpl/DefaultPlugin of DefaultPlugin [roughlyenoughitems]/"
[03:30:21] [main/TRACE] [REI] [REIPlugin END] Reloading Section: "reloadable-plugin/ItemComparatorRegistryImpl/DefaultPlugin of DefaultPlugin [roughlyenoughitems]/" done in 8.856 μs
[03:30:21] [main/TRACE] [REI] [REIPlugin END] Reloading Section: "reloadable-plugin/ItemComparatorRegistryImpl/FabricFluidAPISupportPlugin/"
[03:30:21] [main/TRACE] [REI] [REIPlugin END] Reloading Section: "reloadable-plugin/ItemComparatorRegistryImpl/FabricFluidAPISupportPlugin/" done in 28.72 μs
[03:30:21] [main/TRACE] [REI] [REIPlugin END] Reloading Section: "reloadable-plugin/ItemComparatorRegistryImpl/DefaultRuntimePlugin of DefaultRuntimePlugin [roughlyenoughitems]/"
[03:30:21] [main/TRACE] [REI] [REIPlugin END] Reloading Section: "reloadable-plugin/ItemComparatorRegistryImpl/DefaultRuntimePlugin of DefaultRuntimePlugin [roughlyenoughitems]/" done in 10.38 μs
[03:30:21] [main/TRACE] [REI] [REIPlugin END] Reloading Section: "reloadable-plugin/ItemComparatorRegistryImpl/" done in 320.9 μs
[03:30:21] [main/TRACE] [REI] [REIPlugin END] Reloading Section: "reloadable-plugin/FluidComparatorRegistryImpl/"
[03:30:21] [main/TRACE] [REI] [REIPlugin END] Reloading Section: "reloadable-plugin/FluidComparatorRegistryImpl/DefaultPlugin of DefaultPlugin [roughlyenoughitems]/"
[03:30:21] [main/TRACE] [REI] [REIPlugin END] Reloading Section: "reloadable-plugin/FluidComparatorRegistryImpl/DefaultPlugin of DefaultPlugin [roughlyenoughitems]/" done in 9.067 μs
[03:30:21] [main/TRACE] [REI] [REIPlugin END] Reloading Section: "reloadable-plugin/FluidComparatorRegistryImpl/FabricFluidAPISupportPlugin/"
[03:30:21] [main/TRACE] [REI] [REIPlugin END] Reloading Section: "reloadable-plugin/FluidComparatorRegistryImpl/FabricFluidAPISupportPlugin/" done in 10.82 μs
[03:30:21] [main/TRACE] [REI] [REIPlugin END] Reloading Section: "reloadable-plugin/FluidComparatorRegistryImpl/DefaultRuntimePlugin of DefaultRuntimePlugin [roughlyenoughitems]/"
[03:30:21] [main/TRACE] [REI] [REIPlugin END] Reloading Section: "reloadable-plugin/FluidComparatorRegistryImpl/DefaultRuntimePlugin of DefaultRuntimePlugin [roughlyenoughitems]/" done in 28.90 μs
[03:30:21] [main/TRACE] [REI] [REIPlugin END] Reloading Section: "reloadable-plugin/FluidComparatorRegistryImpl/" done in 321.0 μs
[03:30:21] [main/TRACE] [REI] [REIPlugin END] Reloading Section: "reloadable-plugin/DisplaySerializerRegistryImpl/"
[03:30:21] [main/TRACE] [REI] [REIPlugin END] Reloading Section: "reloadable-plugin/DisplaySerializerRegistryImpl/DefaultPlugin of DefaultPlugin [roughlyenoughitems]/"
[03:30:21] [main/TRACE] [REI] [REIPlugin END] Reloading Section: "reloadable-plugin/DisplaySerializerRegistryImpl/DefaultPlugin of DefaultPlugin [roughlyenoughitems]/" done in 24.88 ms
[03:30:21] [main/TRACE] [REI] [REIPlugin END] Reloading Section: "reloadable-plugin/DisplaySerializerRegistryImpl/FabricFluidAPISupportPlugin/"
[03:30:21] [main/TRACE] [REI] [REIPlugin END] Reloading Section: "reloadable-plugin/DisplaySerializerRegistryImpl/FabricFluidAPISupportPlugin/" done in 19.39 μs
[03:30:21] [main/TRACE] [REI] [REIPlugin END] Reloading Section: "reloadable-plugin/DisplaySerializerRegistryImpl/DefaultRuntimePlugin of DefaultRuntimePlugin [roughlyenoughitems]/"
[03:30:21] [main/TRACE] [REI] [REIPlugin END] Reloading Section: "reloadable-plugin/DisplaySerializerRegistryImpl/DefaultRuntimePlugin of DefaultRuntimePlugin [roughlyenoughitems]/" done in 7.815 μs
[03:30:21] [main/TRACE] [REI] [REIPlugin END] Reloading Section: "reloadable-plugin/DisplaySerializerRegistryImpl/" done in 25.26 ms
[03:30:21] [main/TRACE] [REI] [REIPlugin END] Reloading Section: "reloadable-plugin/FluidSupportProviderImpl/"
[03:30:21] [main/TRACE] [REI] [REIPlugin END] Reloading Section: "reloadable-plugin/FluidSupportProviderImpl/DefaultPlugin of DefaultPlugin [roughlyenoughitems]/"
[03:30:21] [main/TRACE] [REI] [REIPlugin END] Reloading Section: "reloadable-plugin/FluidSupportProviderImpl/DefaultPlugin of DefaultPlugin [roughlyenoughitems]/" done in 7.193 μs
[03:30:21] [main/TRACE] [REI] [REIPlugin END] Reloading Section: "reloadable-plugin/FluidSupportProviderImpl/FabricFluidAPISupportPlugin/"
[03:30:21] [main/TRACE] [REI] [REIPlugin END] Reloading Section: "reloadable-plugin/FluidSupportProviderImpl/FabricFluidAPISupportPlugin/" done in 6.853 μs
[03:30:21] [main/TRACE] [REI] [REIPlugin END] Reloading Section: "reloadable-plugin/FluidSupportProviderImpl/DefaultRuntimePlugin of DefaultRuntimePlugin [roughlyenoughitems]/"
[03:30:21] [main/TRACE] [REI] [REIPlugin END] Reloading Section: "reloadable-plugin/FluidSupportProviderImpl/DefaultRuntimePlugin of DefaultRuntimePlugin [roughlyenoughitems]/" done in 6.552 μs
[03:30:21] [main/TRACE] [REI] [REIPlugin END] Reloading Section: "reloadable-plugin/FluidSupportProviderImpl/" done in 163.7 μs
[03:30:21] [main/DEBUG] [REI] ========================================
[03:30:21] [main/DEBUG] [REI] REIPlugin ending main-reload for END.
[03:30:21] [main/DEBUG] [REI] ========================================
[03:30:21] [main/TRACE] [REI] [REIPlugin END] Reloading Section: "end-reload/"
[03:30:21] [main/TRACE] [REI] [REIPlugin END] Reloading Section: "end-reload/EntryTypeRegistryImpl/"
[03:30:21] [main/TRACE] [REI] [REIPlugin END] Reloading Section: "end-reload/EntryTypeRegistryImpl/" done in 5.460 μs
[03:30:21] [main/TRACE] [REI] [REIPlugin END] Reloading Section: "end-reload/EntrySettingsAdapterRegistryImpl/"
[03:30:21] [main/TRACE] [REI] [REIPlugin END] Reloading Section: "end-reload/EntrySettingsAdapterRegistryImpl/" done in 3.777 μs
[03:30:21] [main/TRACE] [REI] [REIPlugin END] Reloading Section: "end-reload/RecipeManagerContextImpl/"
[03:30:21] [main/TRACE] [REI] [REIPlugin END] Reloading Section: "end-reload/RecipeManagerContextImpl/" done in 3.697 μs
[03:30:21] [main/TRACE] [REI] [REIPlugin END] Reloading Section: "end-reload/ItemComparatorRegistryImpl/"
[03:30:21] [main/TRACE] [REI] [REIPlugin END] Reloading Section: "end-reload/ItemComparatorRegistryImpl/" done in 3.797 μs
[03:30:21] [main/TRACE] [REI] [REIPlugin END] Reloading Section: "end-reload/FluidComparatorRegistryImpl/"
[03:30:21] [main/TRACE] [REI] [REIPlugin END] Reloading Section: "end-reload/FluidComparatorRegistryImpl/" done in 3.206 μs
[03:30:21] [main/TRACE] [REI] [REIPlugin END] Reloading Section: "end-reload/DisplaySerializerRegistryImpl/"
[03:30:21] [main/TRACE] [REI] [REIPlugin END] Reloading Section: "end-reload/DisplaySerializerRegistryImpl/" done in 3.316 μs
[03:30:21] [main/TRACE] [REI] [REIPlugin END] Reloading Section: "end-reload/FluidSupportProviderImpl/"
[03:30:21] [main/TRACE] [REI] [REIPlugin END] Reloading Section: "end-reload/FluidSupportProviderImpl/" done in 3.126 μs
[03:30:21] [main/TRACE] [REI] [REIPlugin END] Reloading Section: "end-reload/" done in 470.9 μs
[03:30:21] [main/DEBUG] [REI] ========================================
[03:30:21] [main/DEBUG] [REI] REIPlugin ended main-reload for END in 30.71 ms.
[03:30:21] [main/DEBUG] [REI] ========================================
[03:30:21] [main/INFO] [REI] ========================================
[03:30:21] [main/INFO] [REI] REIServerPlugin starting main-reload for END.
[03:30:21] [main/DEBUG] [REI] Reloadables (2):
[03:30:21] [main/DEBUG] [REI]  - MenuInfoRegistryImpl
[03:30:21] [main/DEBUG] [REI]  - SlotAccessorRegistryImpl
[03:30:21] [main/INFO] [REI] Plugins (3):
[03:30:21] [main/INFO] [REI]  - (-100.00) DefaultPlugin of DefaultPlugin [roughlyenoughitems]
[03:30:21] [main/INFO] [REI]  - (0.00) FabricFluidAPISupportPlugin
[03:30:21] [main/INFO] [REI]  - (0.00) DefaultRuntimePlugin of DefaultRuntimePlugin [roughlyenoughitems]
[03:30:21] [main/INFO] [REI] ========================================
[03:30:21] [main/TRACE] [REI] [REIServerPlugin END] Reloading Section: "start-reload/"
[03:30:21] [main/TRACE] [REI] [REIServerPlugin END] Reloading Section: "start-reload/MenuInfoRegistryImpl/"
[03:30:21] [main/TRACE] [REI] [REIServerPlugin END] Reloading Section: "start-reload/MenuInfoRegistryImpl/" done in 18.25 μs
[03:30:21] [main/TRACE] [REI] [REIServerPlugin END] Reloading Section: "start-reload/SlotAccessorRegistryImpl/"
[03:30:21] [main/TRACE] [REI] [REIServerPlugin END] Reloading Section: "start-reload/SlotAccessorRegistryImpl/" done in 9.627 μs
[03:30:21] [main/TRACE] [REI] [REIServerPlugin END] Reloading Section: "start-reload/" done in 248.8 μs
[03:30:21] [main/DEBUG] [REI] ========================================
[03:30:21] [main/DEBUG] [REI] REIServerPlugin started main-reload for END.
[03:30:21] [main/DEBUG] [REI] ========================================
[03:30:21] [main/TRACE] [REI] [REIServerPlugin END] Reloading Section: "reloadable-plugin/MenuInfoRegistryImpl/"
[03:30:21] [main/TRACE] [REI] [REIServerPlugin END] Reloading Section: "reloadable-plugin/MenuInfoRegistryImpl/DefaultPlugin of DefaultPlugin [roughlyenoughitems]/"
[03:30:21] [main/TRACE] [REI] [REIServerPlugin END] Reloading Section: "reloadable-plugin/MenuInfoRegistryImpl/DefaultPlugin of DefaultPlugin [roughlyenoughitems]/" done in 40.90 μs
[03:30:21] [main/TRACE] [REI] [REIServerPlugin END] Reloading Section: "reloadable-plugin/MenuInfoRegistryImpl/FabricFluidAPISupportPlugin/"
[03:30:21] [main/TRACE] [REI] [REIServerPlugin END] Reloading Section: "reloadable-plugin/MenuInfoRegistryImpl/FabricFluidAPISupportPlugin/" done in 8.997 μs
[03:30:21] [main/TRACE] [REI] [REIServerPlugin END] Reloading Section: "reloadable-plugin/MenuInfoRegistryImpl/DefaultRuntimePlugin of DefaultRuntimePlugin [roughlyenoughitems]/"
[03:30:21] [main/TRACE] [REI] [REIServerPlugin END] Reloading Section: "reloadable-plugin/MenuInfoRegistryImpl/DefaultRuntimePlugin of DefaultRuntimePlugin [roughlyenoughitems]/" done in 7.163 μs
[03:30:21] [main/TRACE] [REI] [REIServerPlugin END] Reloading Section: "reloadable-plugin/MenuInfoRegistryImpl/" done in 323.1 μs
[03:30:21] [main/TRACE] [REI] [REIServerPlugin END] Reloading Section: "reloadable-plugin/SlotAccessorRegistryImpl/"
[03:30:21] [main/TRACE] [REI] [REIServerPlugin END] Reloading Section: "reloadable-plugin/SlotAccessorRegistryImpl/DefaultPlugin of DefaultPlugin [roughlyenoughitems]/"
[03:30:21] [main/TRACE] [REI] [REIServerPlugin END] Reloading Section: "reloadable-plugin/SlotAccessorRegistryImpl/DefaultPlugin of DefaultPlugin [roughlyenoughitems]/" done in 15.95 μs
[03:30:21] [main/TRACE] [REI] [REIServerPlugin END] Reloading Section: "reloadable-plugin/SlotAccessorRegistryImpl/FabricFluidAPISupportPlugin/"
[03:30:21] [main/TRACE] [REI] [REIServerPlugin END] Reloading Section: "reloadable-plugin/SlotAccessorRegistryImpl/FabricFluidAPISupportPlugin/" done in 9.437 μs
[03:30:21] [main/TRACE] [REI] [REIServerPlugin END] Reloading Section: "reloadable-plugin/SlotAccessorRegistryImpl/DefaultRuntimePlugin of DefaultRuntimePlugin [roughlyenoughitems]/"
[03:30:21] [main/DEBUG] [REI] Added slot accessor serializer: me.shedaniel.rei.plugin.common.runtime.DefaultRuntimePlugin$1@768a5de8 [roughlyenoughitems:vanilla]
[03:30:21] [main/DEBUG] [REI] Added slot accessor serializer: me.shedaniel.rei.plugin.common.runtime.DefaultRuntimePlugin$2@2789525a [roughlyenoughitems:player]
[03:30:21] [main/TRACE] [REI] [REIServerPlugin END] Reloading Section: "reloadable-plugin/SlotAccessorRegistryImpl/DefaultRuntimePlugin of DefaultRuntimePlugin [roughlyenoughitems]/" done in 2.154 ms
[03:30:21] [main/TRACE] [REI] [REIServerPlugin END] Reloading Section: "reloadable-plugin/SlotAccessorRegistryImpl/" done in 2.616 ms
[03:30:21] [main/DEBUG] [REI] ========================================
[03:30:21] [main/DEBUG] [REI] REIServerPlugin ending main-reload for END.
[03:30:21] [main/DEBUG] [REI] ========================================
[03:30:21] [main/TRACE] [REI] [REIServerPlugin END] Reloading Section: "end-reload/"
[03:30:21] [main/TRACE] [REI] [REIServerPlugin END] Reloading Section: "end-reload/MenuInfoRegistryImpl/"
[03:30:21] [main/DEBUG] [REI] Registered 0 menu infos
[03:30:21] [main/TRACE] [REI] [REIServerPlugin END] Reloading Section: "end-reload/MenuInfoRegistryImpl/" done in 120.3 μs
[03:30:21] [main/TRACE] [REI] [REIServerPlugin END] Reloading Section: "end-reload/SlotAccessorRegistryImpl/"
[03:30:21] [main/DEBUG] [REI] Registered 2 slot accessor serializers
[03:30:21] [main/TRACE] [REI] [REIServerPlugin END] Reloading Section: "end-reload/SlotAccessorRegistryImpl/" done in 85.29 μs
[03:30:21] [main/TRACE] [REI] [REIServerPlugin END] Reloading Section: "end-reload/" done in 452.2 μs
[03:30:21] [main/DEBUG] [REI] ========================================
[03:30:21] [main/DEBUG] [REI] REIServerPlugin ended main-reload for END in 5.217 ms.
[03:30:21] [main/DEBUG] [REI] ========================================
[03:30:21] [main/DEBUG] [REI] ========================================
[03:30:21] [main/DEBUG] [REI] REIPlugin starting post-reload for END.
[03:30:21] [main/DEBUG] [REI] Reloadables (7):
[03:30:21] [main/DEBUG] [REI]  - EntryTypeRegistryImpl
[03:30:21] [main/DEBUG] [REI]  - EntrySettingsAdapterRegistryImpl
[03:30:21] [main/DEBUG] [REI]  - RecipeManagerContextImpl
[03:30:21] [main/DEBUG] [REI]  - ItemComparatorRegistryImpl
[03:30:21] [main/DEBUG] [REI]  - FluidComparatorRegistryImpl
[03:30:21] [main/DEBUG] [REI]  - DisplaySerializerRegistryImpl
[03:30:21] [main/DEBUG] [REI]  - FluidSupportProviderImpl
[03:30:21] [main/DEBUG] [REI] Plugins (3):
[03:30:21] [main/DEBUG] [REI]  - (-100.00) DefaultPlugin of DefaultPlugin [roughlyenoughitems]
[03:30:21] [main/DEBUG] [REI]  - (0.00) FabricFluidAPISupportPlugin
[03:30:21] [main/DEBUG] [REI]  - (0.00) DefaultRuntimePlugin of DefaultRuntimePlugin [roughlyenoughitems]
[03:30:21] [main/DEBUG] [REI] ========================================
[03:30:21] [main/TRACE] [REI] [REIPlugin END] Reloading Section: "post-register/"
[03:30:21] [main/TRACE] [REI] [REIPlugin END] Reloading Section: "post-register/DefaultPlugin of DefaultPlugin [roughlyenoughitems]/"
[03:30:21] [main/TRACE] [REI] [REIPlugin END] Reloading Section: "post-register/DefaultPlugin of DefaultPlugin [roughlyenoughitems]/" done in 25.18 μs
[03:30:21] [main/TRACE] [REI] [REIPlugin END] Reloading Section: "post-register/FabricFluidAPISupportPlugin/"
[03:30:21] [main/TRACE] [REI] [REIPlugin END] Reloading Section: "post-register/FabricFluidAPISupportPlugin/" done in 5.771 μs
[03:30:21] [main/TRACE] [REI] [REIPlugin END] Reloading Section: "post-register/DefaultRuntimePlugin of DefaultRuntimePlugin [roughlyenoughitems]/"
[03:30:21] [main/TRACE] [REI] [REIPlugin END] Reloading Section: "post-register/DefaultRuntimePlugin of DefaultRuntimePlugin [roughlyenoughitems]/" done in 5.029 μs
[03:30:21] [main/TRACE] [REI] [REIPlugin END] Reloading Section: "post-register/" done in 255.4 μs
[03:30:21] [main/TRACE] [REI] [REIPlugin END] Reloading Section: "post-stage/"
[03:30:21] [main/TRACE] [REI] [REIPlugin END] Reloading Section: "post-stage/EntryTypeRegistryImpl/"
[03:30:21] [main/TRACE] [REI] [REIPlugin END] Reloading Section: "post-stage/EntryTypeRegistryImpl/" done in 21.76 μs
[03:30:21] [main/TRACE] [REI] [REIPlugin END] Reloading Section: "post-stage/EntrySettingsAdapterRegistryImpl/"
[03:30:21] [main/TRACE] [REI] [REIPlugin END] Reloading Section: "post-stage/EntrySettingsAdapterRegistryImpl/" done in 21.43 μs
[03:30:21] [main/TRACE] [REI] [REIPlugin END] Reloading Section: "post-stage/RecipeManagerContextImpl/"
[03:30:21] [main/TRACE] [REI] [REIPlugin END] Reloading Section: "post-stage/RecipeManagerContextImpl/" done in 3.797 μs
[03:30:21] [main/TRACE] [REI] [REIPlugin END] Reloading Section: "post-stage/ItemComparatorRegistryImpl/"
[03:30:21] [main/TRACE] [REI] [REIPlugin END] Reloading Section: "post-stage/ItemComparatorRegistryImpl/" done in 3.347 μs
[03:30:21] [main/TRACE] [REI] [REIPlugin END] Reloading Section: "post-stage/FluidComparatorRegistryImpl/"
[03:30:21] [main/TRACE] [REI] [REIPlugin END] Reloading Section: "post-stage/FluidComparatorRegistryImpl/" done in 7.283 μs
[03:30:21] [main/TRACE] [REI] [REIPlugin END] Reloading Section: "post-stage/DisplaySerializerRegistryImpl/"
[03:30:21] [main/TRACE] [REI] [REIPlugin END] Reloading Section: "post-stage/DisplaySerializerRegistryImpl/" done in 6.442 μs
[03:30:21] [main/TRACE] [REI] [REIPlugin END] Reloading Section: "post-stage/FluidSupportProviderImpl/"
[03:30:21] [main/TRACE] [REI] [REIPlugin END] Reloading Section: "post-stage/FluidSupportProviderImpl/" done in 6.062 μs
[03:30:21] [main/TRACE] [REI] [REIPlugin END] Reloading Section: "post-stage/" done in 3.071 ms
[03:30:21] [main/DEBUG] [REI] ========================================
[03:30:21] [main/INFO] [REI] REIPlugin finished post-reload for END in 3.459 ms, totaling 36.20 ms.
[03:30:21] [main/DEBUG] [REI] ========================================
[03:30:21] [main/DEBUG] [REI] ========================================
[03:30:21] [main/DEBUG] [REI] REIServerPlugin starting post-reload for END.
[03:30:21] [main/DEBUG] [REI] Reloadables (2):
[03:30:21] [main/DEBUG] [REI]  - MenuInfoRegistryImpl
[03:30:21] [main/DEBUG] [REI]  - SlotAccessorRegistryImpl
[03:30:21] [main/DEBUG] [REI] Plugins (3):
[03:30:21] [main/DEBUG] [REI]  - (-100.00) DefaultPlugin of DefaultPlugin [roughlyenoughitems]
[03:30:21] [main/DEBUG] [REI]  - (0.00) FabricFluidAPISupportPlugin
[03:30:21] [main/DEBUG] [REI]  - (0.00) DefaultRuntimePlugin of DefaultRuntimePlugin [roughlyenoughitems]
[03:30:21] [main/DEBUG] [REI] ========================================
[03:30:21] [main/TRACE] [REI] [REIServerPlugin END] Reloading Section: "post-register/"
[03:30:21] [main/TRACE] [REI] [REIServerPlugin END] Reloading Section: "post-register/DefaultPlugin of DefaultPlugin [roughlyenoughitems]/"
[03:30:21] [main/TRACE] [REI] [REIServerPlugin END] Reloading Section: "post-register/DefaultPlugin of DefaultPlugin [roughlyenoughitems]/" done in 8.285 μs
[03:30:21] [main/TRACE] [REI] [REIServerPlugin END] Reloading Section: "post-register/FabricFluidAPISupportPlugin/"
[03:30:21] [main/TRACE] [REI] [REIServerPlugin END] Reloading Section: "post-register/FabricFluidAPISupportPlugin/" done in 7.073 μs
[03:30:21] [main/TRACE] [REI] [REIServerPlugin END] Reloading Section: "post-register/DefaultRuntimePlugin of DefaultRuntimePlugin [roughlyenoughitems]/"
[03:30:21] [main/TRACE] [REI] [REIServerPlugin END] Reloading Section: "post-register/DefaultRuntimePlugin of DefaultRuntimePlugin [roughlyenoughitems]/" done in 7.303 μs
[03:30:21] [main/TRACE] [REI] [REIServerPlugin END] Reloading Section: "post-register/" done in 362.4 μs
[03:30:21] [main/TRACE] [REI] [REIServerPlugin END] Reloading Section: "post-stage/"
[03:30:21] [main/TRACE] [REI] [REIServerPlugin END] Reloading Section: "post-stage/MenuInfoRegistryImpl/"
[03:30:21] [main/TRACE] [REI] [REIServerPlugin END] Reloading Section: "post-stage/MenuInfoRegistryImpl/" done in 7.254 μs
[03:30:21] [main/TRACE] [REI] [REIServerPlugin END] Reloading Section: "post-stage/SlotAccessorRegistryImpl/"
[03:30:21] [main/TRACE] [REI] [REIServerPlugin END] Reloading Section: "post-stage/SlotAccessorRegistryImpl/" done in 5.249 μs
[03:30:21] [main/TRACE] [REI] [REIServerPlugin END] Reloading Section: "post-stage/" done in 204.3 μs
[03:30:21] [main/DEBUG] [REI] ========================================
[03:30:21] [main/INFO] [REI] REIServerPlugin finished post-reload for END in 734.5 μs, totaling 8.668 ms.
[03:30:21] [main/DEBUG] [REI] ========================================
